<?xml version="1.0"?>
<!DOCTYPE coverage SYSTEM "http://cobertura.sourceforge.net/xml/coverage-04.dtd">

<coverage line-rate="0.8008658008658008" branch-rate="0.75" lines-covered="185" lines-valid="231" branches-covered="33" branches-valid="44" complexity="1.6097560975609757" version="1.9.4.1" timestamp="1321979044862">
	<sources>
		<source>--source</source>
		<source>/scratch/hudson/workspace/OpenDataNantesApi-release/src/main/java</source>
	</sources>
	<packages>
		<package name="fr.ybo.opendata.nantes" line-rate="0.6756756756756757" branch-rate="0.5" complexity="2.375">
			<classes>
				<class name="fr.ybo.opendata.nantes.OpenDataApi" filename="fr/ybo/opendata/nantes/OpenDataApi.java" line-rate="0.6756756756756757" branch-rate="0.5" complexity="2.375">
					<methods>
						<method name="&lt;clinit&gt;" signature="()V" line-rate="1.0" branch-rate="1.0">
							<lines>
								<line number="46" hits="1" branch="false"/>
							</lines>
						</method>
						<method name="&lt;init&gt;" signature="(Ljava/lang/String;)V" line-rate="1.0" branch-rate="1.0">
							<lines>
								<line number="75" hits="4" branch="false"/>
								<line number="76" hits="4" branch="false"/>
								<line number="77" hits="4" branch="false"/>
								<line number="78" hits="4" branch="false"/>
							</lines>
						</method>
						<method name="appelApi" signature="(Ljava/lang/String;Lfr/ybo/opendata/nantes/sax/ApiHandler;)Ljava/util/List;" line-rate="0.47619047619047616" branch-rate="0.5">
							<lines>
								<line number="156" hits="4" branch="false"/>
								<line number="157" hits="4" branch="false"/>
								<line number="159" hits="4" branch="false"/>
								<line number="161" hits="4" branch="false"/>
								<line number="162" hits="4" branch="false"/>
								<line number="164" hits="0" branch="false"/>
								<line number="165" hits="4" branch="false"/>
								<line number="166" hits="0" branch="false"/>
								<line number="167" hits="0" branch="false"/>
								<line number="168" hits="4" branch="false"/>
								<line number="169" hits="0" branch="false"/>
								<line number="170" hits="0" branch="false"/>
								<line number="171" hits="0" branch="false"/>
								<line number="172" hits="0" branch="false"/>
								<line number="173" hits="0" branch="false"/>
								<line number="174" hits="0" branch="false"/>
								<line number="175" hits="0" branch="false"/>
								<line number="176" hits="4" branch="false"/>
								<line number="177" hits="4" branch="true" condition-coverage="50 % (3/6)">
									<conditions>
										<condition number="0" type="jump" coverage="50 %"/>
										<condition number="1" type="jump" coverage="50 %"/>
										<condition number="2" type="jump" coverage="50 %"/>
									</conditions>
								</line>
								<line number="178" hits="0" branch="false"/>
								<line number="180" hits="4" branch="false"/>
							</lines>
						</method>
						<method name="getInfosTrafics" signature="()Ljava/util/List;" line-rate="1.0" branch-rate="1.0">
							<lines>
								<line number="113" hits="2" branch="false"/>
							</lines>
						</method>
						<method name="getInfosTraficsTpsReel" signature="()Ljava/util/List;" line-rate="0.0" branch-rate="1.0">
							<lines>
								<line number="128" hits="0" branch="false"/>
							</lines>
						</method>
						<method name="getParkings" signature="()Ljava/util/List;" line-rate="1.0" branch-rate="1.0">
							<lines>
								<line number="98" hits="1" branch="false"/>
							</lines>
						</method>
						<method name="getTempsParcours" signature="()Ljava/util/List;" line-rate="1.0" branch-rate="1.0">
							<lines>
								<line number="143" hits="1" branch="false"/>
							</lines>
						</method>
						<method name="getUrl" signature="(Ljava/lang/String;)Ljava/lang/String;" line-rate="1.0" branch-rate="1.0">
							<lines>
								<line number="191" hits="4" branch="false"/>
								<line number="192" hits="4" branch="false"/>
								<line number="193" hits="4" branch="false"/>
								<line number="194" hits="4" branch="false"/>
								<line number="195" hits="4" branch="false"/>
							</lines>
						</method>
						<method name="setConnecteur" signature="(Lfr/ybo/opendata/nantes/util/Connecteur;)V" line-rate="1.0" branch-rate="1.0">
							<lines>
								<line number="67" hits="4" branch="false"/>
								<line number="68" hits="4" branch="false"/>
							</lines>
						</method>
					</methods>
					<lines>
						<line number="46" hits="1" branch="false"/>
						<line number="67" hits="4" branch="false"/>
						<line number="68" hits="4" branch="false"/>
						<line number="75" hits="4" branch="false"/>
						<line number="76" hits="4" branch="false"/>
						<line number="77" hits="4" branch="false"/>
						<line number="78" hits="4" branch="false"/>
						<line number="98" hits="1" branch="false"/>
						<line number="113" hits="2" branch="false"/>
						<line number="128" hits="0" branch="false"/>
						<line number="143" hits="1" branch="false"/>
						<line number="156" hits="4" branch="false"/>
						<line number="157" hits="4" branch="false"/>
						<line number="159" hits="4" branch="false"/>
						<line number="161" hits="4" branch="false"/>
						<line number="162" hits="4" branch="false"/>
						<line number="164" hits="0" branch="false"/>
						<line number="165" hits="4" branch="false"/>
						<line number="166" hits="0" branch="false"/>
						<line number="167" hits="0" branch="false"/>
						<line number="168" hits="4" branch="false"/>
						<line number="169" hits="0" branch="false"/>
						<line number="170" hits="0" branch="false"/>
						<line number="171" hits="0" branch="false"/>
						<line number="172" hits="0" branch="false"/>
						<line number="173" hits="0" branch="false"/>
						<line number="174" hits="0" branch="false"/>
						<line number="175" hits="0" branch="false"/>
						<line number="176" hits="4" branch="false"/>
						<line number="177" hits="4" branch="true" condition-coverage="50 % (3/6)">
							<conditions>
								<condition number="0" type="jump" coverage="50 %"/>
								<condition number="1" type="jump" coverage="50 %"/>
								<condition number="2" type="jump" coverage="50 %"/>
							</conditions>
						</line>
						<line number="178" hits="0" branch="false"/>
						<line number="180" hits="4" branch="false"/>
						<line number="191" hits="4" branch="false"/>
						<line number="192" hits="4" branch="false"/>
						<line number="193" hits="4" branch="false"/>
						<line number="194" hits="4" branch="false"/>
						<line number="195" hits="4" branch="false"/>
					</lines>
				</class>
			</classes>
		</package>
		<package name="fr.ybo.opendata.nantes.exceptions" line-rate="0.0" branch-rate="1.0" complexity="1.0">
			<classes>
				<class name="fr.ybo.opendata.nantes.exceptions.ApiException" filename="fr/ybo/opendata/nantes/exceptions/ApiException.java" line-rate="0.0" branch-rate="1.0" complexity="1.0">
					<methods>
						<method name="&lt;init&gt;" signature="(Ljava/lang/String;)V" line-rate="0.0" branch-rate="1.0">
							<lines>
								<line number="44" hits="0" branch="false"/>
								<line number="45" hits="0" branch="false"/>
							</lines>
						</method>
						<method name="&lt;init&gt;" signature="(Ljava/lang/String;Ljava/lang/Throwable;)V" line-rate="0.0" branch-rate="1.0">
							<lines>
								<line number="35" hits="0" branch="false"/>
								<line number="36" hits="0" branch="false"/>
							</lines>
						</method>
					</methods>
					<lines>
						<line number="35" hits="0" branch="false"/>
						<line number="36" hits="0" branch="false"/>
						<line number="44" hits="0" branch="false"/>
						<line number="45" hits="0" branch="false"/>
					</lines>
				</class>
				<class name="fr.ybo.opendata.nantes.exceptions.ApiReseauException" filename="fr/ybo/opendata/nantes/exceptions/ApiReseauException.java" line-rate="0.0" branch-rate="1.0" complexity="1.0">
					<methods>
						<method name="&lt;init&gt;" signature="()V" line-rate="0.0" branch-rate="1.0">
							<lines>
								<line number="31" hits="0" branch="false"/>
								<line number="32" hits="0" branch="false"/>
							</lines>
						</method>
						<method name="&lt;init&gt;" signature="(Ljava/lang/Exception;)V" line-rate="0.0" branch-rate="1.0">
							<lines>
								<line number="39" hits="0" branch="false"/>
								<line number="40" hits="0" branch="false"/>
							</lines>
						</method>
					</methods>
					<lines>
						<line number="31" hits="0" branch="false"/>
						<line number="32" hits="0" branch="false"/>
						<line number="39" hits="0" branch="false"/>
						<line number="40" hits="0" branch="false"/>
					</lines>
				</class>
			</classes>
		</package>
		<package name="fr.ybo.opendata.nantes.modele" line-rate="0.9603960396039604" branch-rate="0.8333333333333334" complexity="1.0980392156862746">
			<classes>
				<class name="fr.ybo.opendata.nantes.modele.Answer" filename="fr/ybo/opendata/nantes/modele/Answer.java" line-rate="1.0" branch-rate="1.0" complexity="1.3333333333333333">
					<methods>
						<method name="&lt;init&gt;" signature="()V" line-rate="1.0" branch-rate="1.0">
							<lines>
								<line number="25" hits="4" branch="false"/>
							</lines>
						</method>
						<method name="getData" signature="()Ljava/util/List;" line-rate="1.0" branch-rate="1.0">
							<lines>
								<line number="40" hits="12" branch="true" condition-coverage="100 % (2/2)">
									<conditions>
										<condition number="0" type="jump" coverage="100 %"/>
									</conditions>
								</line>
								<line number="41" hits="4" branch="false"/>
								<line number="43" hits="12" branch="false"/>
							</lines>
						</method>
						<method name="getStatus" signature="()Lfr/ybo/opendata/nantes/modele/StatusApi;" line-rate="1.0" branch-rate="1.0">
							<lines>
								<line number="52" hits="20" branch="false"/>
							</lines>
						</method>
						<method name="setStatus" signature="(Lfr/ybo/opendata/nantes/modele/StatusApi;)V" line-rate="1.0" branch-rate="1.0">
							<lines>
								<line number="61" hits="4" branch="false"/>
								<line number="62" hits="4" branch="false"/>
							</lines>
						</method>
					</methods>
					<lines>
						<line number="25" hits="4" branch="false"/>
						<line number="40" hits="12" branch="true" condition-coverage="100 % (2/2)">
							<conditions>
								<condition number="0" type="jump" coverage="100 %"/>
							</conditions>
						</line>
						<line number="41" hits="4" branch="false"/>
						<line number="43" hits="12" branch="false"/>
						<line number="52" hits="20" branch="false"/>
						<line number="61" hits="4" branch="false"/>
						<line number="62" hits="4" branch="false"/>
					</lines>
				</class>
				<class name="fr.ybo.opendata.nantes.modele.InfoTrafic" filename="fr/ybo/opendata/nantes/modele/InfoTrafic.java" line-rate="1.0" branch-rate="1.0" complexity="1.0">
					<methods>
						<method name="&lt;clinit&gt;" signature="()V" line-rate="1.0" branch-rate="1.0">
							<lines>
								<line number="120" hits="1" branch="false"/>
								<line number="124" hits="1" branch="false"/>
							</lines>
						</method>
						<method name="&lt;init&gt;" signature="()V" line-rate="1.0" branch-rate="1.0">
							<lines>
								<line number="15" hits="4" branch="false"/>
							</lines>
						</method>
						<method name="getCode" signature="()Ljava/lang/String;" line-rate="1.0" branch-rate="1.0">
							<lines>
								<line number="54" hits="2" branch="false"/>
							</lines>
						</method>
						<method name="getDateDebut" signature="()Ljava/util/Date;" line-rate="1.0" branch-rate="1.0">
							<lines>
								<line number="114" hits="4" branch="false"/>
							</lines>
						</method>
						<method name="getDateFin" signature="()Ljava/util/Date;" line-rate="1.0" branch-rate="1.0">
							<lines>
								<line number="139" hits="4" branch="false"/>
							</lines>
						</method>
						<method name="getIntitule" signature="()Ljava/lang/String;" line-rate="1.0" branch-rate="1.0">
							<lines>
								<line number="69" hits="2" branch="false"/>
							</lines>
						</method>
						<method name="getResume" signature="()Ljava/lang/String;" line-rate="1.0" branch-rate="1.0">
							<lines>
								<line number="84" hits="4" branch="false"/>
							</lines>
						</method>
						<method name="getTexteVocal" signature="()Ljava/lang/String;" line-rate="1.0" branch-rate="1.0">
							<lines>
								<line number="99" hits="2" branch="false"/>
							</lines>
						</method>
						<method name="getTroncons" signature="()Ljava/lang/String;" line-rate="1.0" branch-rate="1.0">
							<lines>
								<line number="190" hits="3" branch="false"/>
							</lines>
						</method>
						<method name="isTerminee" signature="()Z" line-rate="1.0" branch-rate="1.0">
							<lines>
								<line number="175" hits="4" branch="false"/>
							</lines>
						</method>
						<method name="setCode" signature="(Ljava/lang/String;)V" line-rate="1.0" branch-rate="1.0">
							<lines>
								<line number="62" hits="4" branch="false"/>
								<line number="63" hits="4" branch="false"/>
							</lines>
						</method>
						<method name="setDateDebut" signature="(Ljava/lang/String;)V" line-rate="1.0" branch-rate="1.0">
							<lines>
								<line number="132" hits="4" branch="false"/>
								<line number="133" hits="4" branch="false"/>
							</lines>
						</method>
						<method name="setDateFin" signature="(Ljava/lang/String;)V" line-rate="1.0" branch-rate="1.0">
							<lines>
								<line number="148" hits="3" branch="false"/>
								<line number="149" hits="3" branch="false"/>
							</lines>
						</method>
						<method name="setHeureDebut" signature="(Ljava/lang/String;)V" line-rate="1.0" branch-rate="1.0">
							<lines>
								<line number="158" hits="2" branch="false"/>
								<line number="159" hits="2" branch="false"/>
							</lines>
						</method>
						<method name="setHeureFin" signature="(Ljava/lang/String;)V" line-rate="1.0" branch-rate="1.0">
							<lines>
								<line number="168" hits="2" branch="false"/>
								<line number="169" hits="2" branch="false"/>
							</lines>
						</method>
						<method name="setIntitule" signature="(Ljava/lang/String;)V" line-rate="1.0" branch-rate="1.0">
							<lines>
								<line number="77" hits="4" branch="false"/>
								<line number="78" hits="4" branch="false"/>
							</lines>
						</method>
						<method name="setResume" signature="(Ljava/lang/String;)V" line-rate="1.0" branch-rate="1.0">
							<lines>
								<line number="92" hits="4" branch="false"/>
								<line number="93" hits="4" branch="false"/>
							</lines>
						</method>
						<method name="setTerminee" signature="(Z)V" line-rate="1.0" branch-rate="1.0">
							<lines>
								<line number="183" hits="4" branch="false"/>
								<line number="184" hits="4" branch="false"/>
							</lines>
						</method>
						<method name="setTexteVocal" signature="(Ljava/lang/String;)V" line-rate="1.0" branch-rate="1.0">
							<lines>
								<line number="107" hits="4" branch="false"/>
								<line number="108" hits="4" branch="false"/>
							</lines>
						</method>
						<method name="setTroncons" signature="(Ljava/lang/String;)V" line-rate="1.0" branch-rate="1.0">
							<lines>
								<line number="198" hits="3" branch="false"/>
								<line number="199" hits="3" branch="false"/>
							</lines>
						</method>
					</methods>
					<lines>
						<line number="15" hits="4" branch="false"/>
						<line number="54" hits="2" branch="false"/>
						<line number="62" hits="4" branch="false"/>
						<line number="63" hits="4" branch="false"/>
						<line number="69" hits="2" branch="false"/>
						<line number="77" hits="4" branch="false"/>
						<line number="78" hits="4" branch="false"/>
						<line number="84" hits="4" branch="false"/>
						<line number="92" hits="4" branch="false"/>
						<line number="93" hits="4" branch="false"/>
						<line number="99" hits="2" branch="false"/>
						<line number="107" hits="4" branch="false"/>
						<line number="108" hits="4" branch="false"/>
						<line number="114" hits="4" branch="false"/>
						<line number="120" hits="1" branch="false"/>
						<line number="124" hits="1" branch="false"/>
						<line number="132" hits="4" branch="false"/>
						<line number="133" hits="4" branch="false"/>
						<line number="139" hits="4" branch="false"/>
						<line number="148" hits="3" branch="false"/>
						<line number="149" hits="3" branch="false"/>
						<line number="158" hits="2" branch="false"/>
						<line number="159" hits="2" branch="false"/>
						<line number="168" hits="2" branch="false"/>
						<line number="169" hits="2" branch="false"/>
						<line number="175" hits="4" branch="false"/>
						<line number="183" hits="4" branch="false"/>
						<line number="184" hits="4" branch="false"/>
						<line number="190" hits="3" branch="false"/>
						<line number="198" hits="3" branch="false"/>
						<line number="199" hits="3" branch="false"/>
					</lines>
				</class>
				<class name="fr.ybo.opendata.nantes.modele.Itineraire" filename="fr/ybo/opendata/nantes/modele/Itineraire.java" line-rate="1.0" branch-rate="1.0" complexity="1.0">
					<methods>
						<method name="&lt;clinit&gt;" signature="()V" line-rate="1.0" branch-rate="1.0">
							<lines>
								<line number="88" hits="1" branch="false"/>
							</lines>
						</method>
						<method name="&lt;init&gt;" signature="()V" line-rate="1.0" branch-rate="1.0">
							<lines>
								<line number="15" hits="2" branch="false"/>
							</lines>
						</method>
						<method name="getIdentifiant" signature="()Ljava/lang/String;" line-rate="1.0" branch-rate="1.0">
							<lines>
								<line number="37" hits="1" branch="false"/>
							</lines>
						</method>
						<method name="getLastUpdate" signature="()Ljava/util/Date;" line-rate="1.0" branch-rate="1.0">
							<lines>
								<line number="82" hits="1" branch="false"/>
							</lines>
						</method>
						<method name="getTemps" signature="()I" line-rate="1.0" branch-rate="1.0">
							<lines>
								<line number="52" hits="1" branch="false"/>
							</lines>
						</method>
						<method name="isValide" signature="()Z" line-rate="1.0" branch-rate="1.0">
							<lines>
								<line number="67" hits="2" branch="false"/>
							</lines>
						</method>
						<method name="setIdentifiant" signature="(Ljava/lang/String;)V" line-rate="1.0" branch-rate="1.0">
							<lines>
								<line number="45" hits="2" branch="false"/>
								<line number="46" hits="2" branch="false"/>
							</lines>
						</method>
						<method name="setLastUpdate" signature="(Ljava/lang/String;)V" line-rate="1.0" branch-rate="1.0">
							<lines>
								<line number="96" hits="2" branch="false"/>
								<line number="97" hits="2" branch="false"/>
							</lines>
						</method>
						<method name="setTemps" signature="(I)V" line-rate="1.0" branch-rate="1.0">
							<lines>
								<line number="60" hits="2" branch="false"/>
								<line number="61" hits="2" branch="false"/>
							</lines>
						</method>
						<method name="setValide" signature="(Z)V" line-rate="1.0" branch-rate="1.0">
							<lines>
								<line number="75" hits="2" branch="false"/>
								<line number="76" hits="2" branch="false"/>
							</lines>
						</method>
					</methods>
					<lines>
						<line number="15" hits="2" branch="false"/>
						<line number="37" hits="1" branch="false"/>
						<line number="45" hits="2" branch="false"/>
						<line number="46" hits="2" branch="false"/>
						<line number="52" hits="1" branch="false"/>
						<line number="60" hits="2" branch="false"/>
						<line number="61" hits="2" branch="false"/>
						<line number="67" hits="2" branch="false"/>
						<line number="75" hits="2" branch="false"/>
						<line number="76" hits="2" branch="false"/>
						<line number="82" hits="1" branch="false"/>
						<line number="88" hits="1" branch="false"/>
						<line number="96" hits="2" branch="false"/>
						<line number="97" hits="2" branch="false"/>
					</lines>
				</class>
				<class name="fr.ybo.opendata.nantes.modele.Parking" filename="fr/ybo/opendata/nantes/modele/Parking.java" line-rate="0.9333333333333333" branch-rate="1.0" complexity="1.0625">
					<methods>
						<method name="&lt;clinit&gt;" signature="()V" line-rate="1.0" branch-rate="1.0">
							<lines>
								<line number="20" hits="1" branch="false"/>
								<line number="172" hits="1" branch="false"/>
							</lines>
						</method>
						<method name="&lt;init&gt;" signature="()V" line-rate="1.0" branch-rate="1.0">
							<lines>
								<line number="16" hits="2" branch="false"/>
							</lines>
						</method>
						<method name="getDisponibles" signature="()I" line-rate="1.0" branch-rate="1.0">
							<lines>
								<line number="121" hits="2" branch="false"/>
							</lines>
						</method>
						<method name="getIdentifiant" signature="()Ljava/lang/String;" line-rate="1.0" branch-rate="1.0">
							<lines>
								<line number="61" hits="2" branch="false"/>
							</lines>
						</method>
						<method name="getLastUpdate" signature="()Ljava/util/Date;" line-rate="1.0" branch-rate="1.0">
							<lines>
								<line number="166" hits="2" branch="false"/>
							</lines>
						</method>
						<method name="getNom" signature="()Ljava/lang/String;" line-rate="1.0" branch-rate="1.0">
							<lines>
								<line number="76" hits="2" branch="false"/>
							</lines>
						</method>
						<method name="getPlacesTotales" signature="()I" line-rate="1.0" branch-rate="1.0">
							<lines>
								<line number="151" hits="2" branch="false"/>
							</lines>
						</method>
						<method name="getPriorite" signature="()I" line-rate="1.0" branch-rate="1.0">
							<lines>
								<line number="106" hits="2" branch="false"/>
							</lines>
						</method>
						<method name="getSeuilComplet" signature="()I" line-rate="1.0" branch-rate="1.0">
							<lines>
								<line number="136" hits="2" branch="false"/>
							</lines>
						</method>
						<method name="getStatut" signature="()Lfr/ybo/opendata/nantes/modele/StatutParking;" line-rate="1.0" branch-rate="1.0">
							<lines>
								<line number="91" hits="2" branch="false"/>
							</lines>
						</method>
						<method name="setDisponibles" signature="(I)V" line-rate="1.0" branch-rate="1.0">
							<lines>
								<line number="129" hits="2" branch="false"/>
								<line number="130" hits="2" branch="false"/>
							</lines>
						</method>
						<method name="setIdentifiant" signature="(Ljava/lang/String;)V" line-rate="1.0" branch-rate="1.0">
							<lines>
								<line number="69" hits="2" branch="false"/>
								<line number="70" hits="2" branch="false"/>
							</lines>
						</method>
						<method name="setLastUpdate" signature="(Ljava/lang/String;)V" line-rate="0.6" branch-rate="1.0">
							<lines>
								<line number="180" hits="2" branch="false"/>
								<line number="181" hits="0" branch="false"/>
								<line number="182" hits="0" branch="false"/>
								<line number="183" hits="2" branch="false"/>
								<line number="184" hits="2" branch="false"/>
							</lines>
						</method>
						<method name="setNom" signature="(Ljava/lang/String;)V" line-rate="1.0" branch-rate="1.0">
							<lines>
								<line number="84" hits="2" branch="false"/>
								<line number="85" hits="2" branch="false"/>
							</lines>
						</method>
						<method name="setPlacesTotales" signature="(I)V" line-rate="1.0" branch-rate="1.0">
							<lines>
								<line number="159" hits="2" branch="false"/>
								<line number="160" hits="2" branch="false"/>
							</lines>
						</method>
						<method name="setPriorite" signature="(I)V" line-rate="1.0" branch-rate="1.0">
							<lines>
								<line number="114" hits="2" branch="false"/>
								<line number="115" hits="2" branch="false"/>
							</lines>
						</method>
						<method name="setSeuilComplet" signature="(I)V" line-rate="1.0" branch-rate="1.0">
							<lines>
								<line number="144" hits="2" branch="false"/>
								<line number="145" hits="2" branch="false"/>
							</lines>
						</method>
						<method name="setStatut" signature="(I)V" line-rate="1.0" branch-rate="1.0">
							<lines>
								<line number="99" hits="2" branch="false"/>
								<line number="100" hits="2" branch="false"/>
							</lines>
						</method>
					</methods>
					<lines>
						<line number="16" hits="2" branch="false"/>
						<line number="20" hits="1" branch="false"/>
						<line number="61" hits="2" branch="false"/>
						<line number="69" hits="2" branch="false"/>
						<line number="70" hits="2" branch="false"/>
						<line number="76" hits="2" branch="false"/>
						<line number="84" hits="2" branch="false"/>
						<line number="85" hits="2" branch="false"/>
						<line number="91" hits="2" branch="false"/>
						<line number="99" hits="2" branch="false"/>
						<line number="100" hits="2" branch="false"/>
						<line number="106" hits="2" branch="false"/>
						<line number="114" hits="2" branch="false"/>
						<line number="115" hits="2" branch="false"/>
						<line number="121" hits="2" branch="false"/>
						<line number="129" hits="2" branch="false"/>
						<line number="130" hits="2" branch="false"/>
						<line number="136" hits="2" branch="false"/>
						<line number="144" hits="2" branch="false"/>
						<line number="145" hits="2" branch="false"/>
						<line number="151" hits="2" branch="false"/>
						<line number="159" hits="2" branch="false"/>
						<line number="160" hits="2" branch="false"/>
						<line number="166" hits="2" branch="false"/>
						<line number="172" hits="1" branch="false"/>
						<line number="180" hits="2" branch="false"/>
						<line number="181" hits="0" branch="false"/>
						<line number="182" hits="0" branch="false"/>
						<line number="183" hits="2" branch="false"/>
						<line number="184" hits="2" branch="false"/>
					</lines>
				</class>
				<class name="fr.ybo.opendata.nantes.modele.StatusApi" filename="fr/ybo/opendata/nantes/modele/StatusApi.java" line-rate="0.8571428571428571" branch-rate="1.0" complexity="1.0">
					<methods>
						<method name="&lt;init&gt;" signature="()V" line-rate="1.0" branch-rate="1.0">
							<lines>
								<line number="21" hits="4" branch="false"/>
							</lines>
						</method>
						<method name="getCode" signature="()Ljava/lang/String;" line-rate="1.0" branch-rate="1.0">
							<lines>
								<line number="37" hits="4" branch="false"/>
							</lines>
						</method>
						<method name="getMessage" signature="()Ljava/lang/String;" line-rate="0.0" branch-rate="1.0">
							<lines>
								<line number="44" hits="0" branch="false"/>
							</lines>
						</method>
						<method name="setCode" signature="(Ljava/lang/String;)V" line-rate="1.0" branch-rate="1.0">
							<lines>
								<line number="51" hits="4" branch="false"/>
								<line number="52" hits="4" branch="false"/>
							</lines>
						</method>
						<method name="setMessage" signature="(Ljava/lang/String;)V" line-rate="1.0" branch-rate="1.0">
							<lines>
								<line number="58" hits="4" branch="false"/>
								<line number="59" hits="4" branch="false"/>
							</lines>
						</method>
					</methods>
					<lines>
						<line number="21" hits="4" branch="false"/>
						<line number="37" hits="4" branch="false"/>
						<line number="44" hits="0" branch="false"/>
						<line number="51" hits="4" branch="false"/>
						<line number="52" hits="4" branch="false"/>
						<line number="58" hits="4" branch="false"/>
						<line number="59" hits="4" branch="false"/>
					</lines>
				</class>
				<class name="fr.ybo.opendata.nantes.modele.StatutParking" filename="fr/ybo/opendata/nantes/modele/StatutParking.java" line-rate="0.9166666666666666" branch-rate="0.75" complexity="2.5">
					<methods>
						<method name="&lt;clinit&gt;" signature="()V" line-rate="1.0" branch-rate="1.0">
							<lines>
								<line number="6" hits="3" branch="false"/>
								<line number="10" hits="1" branch="false"/>
								<line number="14" hits="1" branch="false"/>
								<line number="19" hits="1" branch="false"/>
								<line number="24" hits="1" branch="false"/>
							</lines>
						</method>
						<method name="&lt;init&gt;" signature="(Ljava/lang/String;II)V" line-rate="1.0" branch-rate="1.0">
							<lines>
								<line number="36" hits="4" branch="false"/>
								<line number="37" hits="4" branch="false"/>
								<line number="38" hits="4" branch="false"/>
							</lines>
						</method>
						<method name="fromValue" signature="(I)Lfr/ybo/opendata/nantes/modele/StatutParking;" line-rate="0.75" branch-rate="0.75">
							<lines>
								<line number="47" hits="5" branch="true" condition-coverage="50 % (1/2)">
									<conditions>
										<condition number="0" type="jump" coverage="50 %"/>
									</conditions>
								</line>
								<line number="48" hits="5" branch="true" condition-coverage="100 % (2/2)">
									<conditions>
										<condition number="0" type="jump" coverage="100 %"/>
									</conditions>
								</line>
								<line number="49" hits="2" branch="false"/>
								<line number="52" hits="0" branch="false"/>
							</lines>
						</method>
						<method name="valueOf" signature="(Ljava/lang/String;)Lfr/ybo/opendata/nantes/modele/StatutParking;" line-rate="1.0" branch-rate="1.0">
							<lines>
							</lines>
						</method>
						<method name="values" signature="()[Lfr/ybo/opendata/nantes/modele/StatutParking;" line-rate="1.0" branch-rate="1.0">
							<lines>
							</lines>
						</method>
					</methods>
					<lines>
						<line number="6" hits="3" branch="false"/>
						<line number="10" hits="1" branch="false"/>
						<line number="14" hits="1" branch="false"/>
						<line number="19" hits="1" branch="false"/>
						<line number="24" hits="1" branch="false"/>
						<line number="36" hits="4" branch="false"/>
						<line number="37" hits="4" branch="false"/>
						<line number="38" hits="4" branch="false"/>
						<line number="47" hits="5" branch="true" condition-coverage="50 % (1/2)">
							<conditions>
								<condition number="0" type="jump" coverage="50 %"/>
							</conditions>
						</line>
						<line number="48" hits="5" branch="true" condition-coverage="100 % (2/2)">
							<conditions>
								<condition number="0" type="jump" coverage="100 %"/>
							</conditions>
						</line>
						<line number="49" hits="2" branch="false"/>
						<line number="52" hits="0" branch="false"/>
					</lines>
				</class>
			</classes>
		</package>
		<package name="fr.ybo.opendata.nantes.sax" line-rate="0.8051948051948052" branch-rate="0.78125" complexity="2.823529411764706">
			<classes>
				<class name="fr.ybo.opendata.nantes.sax.ApiHandler" filename="fr/ybo/opendata/nantes/sax/ApiHandler.java" line-rate="1.0" branch-rate="0.8125" complexity="2.0">
					<methods>
						<method name="&lt;init&gt;" signature="()V" line-rate="1.0" branch-rate="1.0">
							<lines>
								<line number="27" hits="4" branch="false"/>
							</lines>
						</method>
						<method name="characters" signature="([CII)V" line-rate="1.0" branch-rate="1.0">
							<lines>
								<line number="64" hits="191" branch="false"/>
								<line number="65" hits="191" branch="false"/>
								<line number="66" hits="191" branch="false"/>
							</lines>
						</method>
						<method name="endElement" signature="(Ljava/lang/String;Ljava/lang/String;Ljava/lang/String;)V" line-rate="1.0" branch-rate="0.75">
							<lines>
								<line number="70" hits="102" branch="false"/>
								<line number="71" hits="102" branch="true" condition-coverage="100 % (2/2)">
									<conditions>
										<condition number="0" type="jump" coverage="100 %"/>
									</conditions>
								</line>
								<line number="72" hits="98" branch="true" condition-coverage="100 % (2/2)">
									<conditions>
										<condition number="0" type="jump" coverage="100 %"/>
									</conditions>
								</line>
								<line number="73" hits="8" branch="false"/>
								<line number="75" hits="90" branch="true" condition-coverage="50 % (1/2)">
									<conditions>
										<condition number="0" type="jump" coverage="50 %"/>
									</conditions>
								</line>
								<line number="76" hits="90" branch="false"/>
								<line number="79" hits="98" branch="true" condition-coverage="50 % (1/2)">
									<conditions>
										<condition number="0" type="jump" coverage="50 %"/>
									</conditions>
								</line>
								<line number="80" hits="98" branch="false"/>
								<line number="83" hits="102" branch="false"/>
							</lines>
						</method>
						<method name="getAnswer" signature="()Lfr/ybo/opendata/nantes/modele/Answer;" line-rate="1.0" branch-rate="1.0">
							<lines>
								<line number="91" hits="4" branch="false"/>
							</lines>
						</method>
						<method name="startDocument" signature="()V" line-rate="1.0" branch-rate="1.0">
							<lines>
								<line number="119" hits="4" branch="false"/>
								<line number="120" hits="4" branch="false"/>
								<line number="121" hits="4" branch="false"/>
							</lines>
						</method>
						<method name="startElement" signature="(Ljava/lang/String;Ljava/lang/String;Ljava/lang/String;Lorg/xml/sax/Attributes;)V" line-rate="1.0" branch-rate="0.875">
							<lines>
								<line number="125" hits="102" branch="false"/>
								<line number="126" hits="102" branch="true" condition-coverage="100 % (2/2)">
									<conditions>
										<condition number="0" type="jump" coverage="100 %"/>
									</conditions>
								</line>
								<line number="127" hits="4" branch="false"/>
								<line number="128" hits="98" branch="true" condition-coverage="75 % (3/4)">
									<conditions>
										<condition number="0" type="jump" coverage="100 %"/>
										<condition number="1" type="jump" coverage="50 %"/>
									</conditions>
								</line>
								<line number="129" hits="4" branch="false"/>
								<line number="130" hits="4" branch="false"/>
								<line number="131" hits="4" branch="false"/>
								<line number="132" hits="94" branch="true" condition-coverage="100 % (2/2)">
									<conditions>
										<condition number="0" type="jump" coverage="100 %"/>
									</conditions>
								</line>
								<line number="133" hits="8" branch="false"/>
								<line number="135" hits="102" branch="false"/>
								<line number="136" hits="102" branch="false"/>
							</lines>
						</method>
					</methods>
					<lines>
						<line number="27" hits="4" branch="false"/>
						<line number="64" hits="191" branch="false"/>
						<line number="65" hits="191" branch="false"/>
						<line number="66" hits="191" branch="false"/>
						<line number="70" hits="102" branch="false"/>
						<line number="71" hits="102" branch="true" condition-coverage="100 % (2/2)">
							<conditions>
								<condition number="0" type="jump" coverage="100 %"/>
							</conditions>
						</line>
						<line number="72" hits="98" branch="true" condition-coverage="100 % (2/2)">
							<conditions>
								<condition number="0" type="jump" coverage="100 %"/>
							</conditions>
						</line>
						<line number="73" hits="8" branch="false"/>
						<line number="75" hits="90" branch="true" condition-coverage="50 % (1/2)">
							<conditions>
								<condition number="0" type="jump" coverage="50 %"/>
							</conditions>
						</line>
						<line number="76" hits="90" branch="false"/>
						<line number="79" hits="98" branch="true" condition-coverage="50 % (1/2)">
							<conditions>
								<condition number="0" type="jump" coverage="50 %"/>
							</conditions>
						</line>
						<line number="80" hits="98" branch="false"/>
						<line number="83" hits="102" branch="false"/>
						<line number="91" hits="4" branch="false"/>
						<line number="119" hits="4" branch="false"/>
						<line number="120" hits="4" branch="false"/>
						<line number="121" hits="4" branch="false"/>
						<line number="125" hits="102" branch="false"/>
						<line number="126" hits="102" branch="true" condition-coverage="100 % (2/2)">
							<conditions>
								<condition number="0" type="jump" coverage="100 %"/>
							</conditions>
						</line>
						<line number="127" hits="4" branch="false"/>
						<line number="128" hits="98" branch="true" condition-coverage="75 % (3/4)">
							<conditions>
								<condition number="0" type="jump" coverage="100 %"/>
								<condition number="1" type="jump" coverage="50 %"/>
							</conditions>
						</line>
						<line number="129" hits="4" branch="false"/>
						<line number="130" hits="4" branch="false"/>
						<line number="131" hits="4" branch="false"/>
						<line number="132" hits="94" branch="true" condition-coverage="100 % (2/2)">
							<conditions>
								<condition number="0" type="jump" coverage="100 %"/>
							</conditions>
						</line>
						<line number="133" hits="8" branch="false"/>
						<line number="135" hits="102" branch="false"/>
						<line number="136" hits="102" branch="false"/>
					</lines>
				</class>
				<class name="fr.ybo.opendata.nantes.sax.BaliseData" filename="fr/ybo/opendata/nantes/sax/BaliseData.java" line-rate="1.0" branch-rate="1.0" complexity="0.0">
					<methods>
					</methods>
					<lines>
					</lines>
				</class>
				<class name="fr.ybo.opendata.nantes.sax.BaliseType" filename="fr/ybo/opendata/nantes/sax/BaliseType.java" line-rate="1.0" branch-rate="1.0" complexity="1.0">
					<methods>
						<method name="&lt;clinit&gt;" signature="()V" line-rate="1.0" branch-rate="1.0">
							<lines>
								<line number="20" hits="10" branch="false"/>
								<line number="24" hits="1" branch="false"/>
								<line number="33" hits="1" branch="false"/>
								<line number="42" hits="1" branch="false"/>
								<line number="51" hits="1" branch="false"/>
							</lines>
						</method>
						<method name="&lt;init&gt;" signature="(Ljava/lang/String;I)V" line-rate="1.0" branch-rate="1.0">
							<lines>
							</lines>
						</method>
						<method name="&lt;init&gt;" signature="(Ljava/lang/String;ILfr/ybo/opendata/nantes/sax/BaliseType$1;)V" line-rate="1.0" branch-rate="1.0">
							<lines>
							</lines>
						</method>
						<method name="valueOf" signature="(Ljava/lang/String;)Lfr/ybo/opendata/nantes/sax/BaliseType;" line-rate="1.0" branch-rate="1.0">
							<lines>
							</lines>
						</method>
						<method name="values" signature="()[Lfr/ybo/opendata/nantes/sax/BaliseType;" line-rate="1.0" branch-rate="1.0">
							<lines>
							</lines>
						</method>
					</methods>
					<lines>
						<line number="20" hits="10" branch="false"/>
						<line number="24" hits="1" branch="false"/>
						<line number="33" hits="1" branch="false"/>
						<line number="42" hits="1" branch="false"/>
						<line number="51" hits="1" branch="false"/>
					</lines>
				</class>
				<class name="fr.ybo.opendata.nantes.sax.BaliseType$1" filename="fr/ybo/opendata/nantes/sax/BaliseType.java" line-rate="1.0" branch-rate="1.0" complexity="1.0">
					<methods>
						<method name="&lt;init&gt;" signature="(Ljava/lang/String;I)V" line-rate="1.0" branch-rate="1.0">
							<lines>
								<line number="24" hits="1" branch="false"/>
							</lines>
						</method>
						<method name="convertir" signature="(Ljava/lang/String;)Ljava/lang/Object;" line-rate="1.0" branch-rate="1.0">
							<lines>
								<line number="27" hits="40" branch="false"/>
							</lines>
						</method>
					</methods>
					<lines>
						<line number="24" hits="1" branch="false"/>
						<line number="27" hits="40" branch="false"/>
					</lines>
				</class>
				<class name="fr.ybo.opendata.nantes.sax.BaliseType$2" filename="fr/ybo/opendata/nantes/sax/BaliseType.java" line-rate="1.0" branch-rate="1.0" complexity="1.0">
					<methods>
						<method name="&lt;init&gt;" signature="(Ljava/lang/String;I)V" line-rate="1.0" branch-rate="1.0">
							<lines>
								<line number="33" hits="1" branch="false"/>
							</lines>
						</method>
						<method name="convertir" signature="(Ljava/lang/String;)Ljava/lang/Object;" line-rate="1.0" branch-rate="1.0">
							<lines>
								<line number="36" hits="6" branch="false"/>
							</lines>
						</method>
					</methods>
					<lines>
						<line number="33" hits="1" branch="false"/>
						<line number="36" hits="6" branch="false"/>
					</lines>
				</class>
				<class name="fr.ybo.opendata.nantes.sax.BaliseType$3" filename="fr/ybo/opendata/nantes/sax/BaliseType.java" line-rate="1.0" branch-rate="1.0" complexity="1.0">
					<methods>
						<method name="&lt;init&gt;" signature="(Ljava/lang/String;I)V" line-rate="1.0" branch-rate="1.0">
							<lines>
								<line number="42" hits="1" branch="false"/>
							</lines>
						</method>
						<method name="convertir" signature="(Ljava/lang/String;)Ljava/lang/Object;" line-rate="1.0" branch-rate="1.0">
							<lines>
								<line number="45" hits="12" branch="false"/>
							</lines>
						</method>
					</methods>
					<lines>
						<line number="42" hits="1" branch="false"/>
						<line number="45" hits="12" branch="false"/>
					</lines>
				</class>
				<class name="fr.ybo.opendata.nantes.sax.BaliseType$4" filename="fr/ybo/opendata/nantes/sax/BaliseType.java" line-rate="0.5" branch-rate="1.0" complexity="1.0">
					<methods>
						<method name="&lt;init&gt;" signature="(Ljava/lang/String;I)V" line-rate="1.0" branch-rate="1.0">
							<lines>
								<line number="51" hits="1" branch="false"/>
							</lines>
						</method>
						<method name="convertir" signature="(Ljava/lang/String;)Ljava/lang/Object;" line-rate="0.0" branch-rate="1.0">
							<lines>
								<line number="54" hits="0" branch="false"/>
							</lines>
						</method>
					</methods>
					<lines>
						<line number="51" hits="1" branch="false"/>
						<line number="54" hits="0" branch="false"/>
					</lines>
				</class>
				<class name="fr.ybo.opendata.nantes.sax.BaliseXml" filename="fr/ybo/opendata/nantes/sax/BaliseXml.java" line-rate="1.0" branch-rate="1.0" complexity="0.0">
					<methods>
					</methods>
					<lines>
					</lines>
				</class>
				<class name="fr.ybo.opendata.nantes.sax.GenericHandler" filename="fr/ybo/opendata/nantes/sax/GenericHandler.java" line-rate="0.6111111111111112" branch-rate="0.75" complexity="6.75">
					<methods>
						<method name="&lt;init&gt;" signature="(Ljava/lang/Class;)V" line-rate="0.7894736842105263" branch-rate="0.75">
							<lines>
								<line number="41" hits="4" branch="false"/>
								<line number="45" hits="4" branch="false"/>
								<line number="55" hits="4" branch="false"/>
								<line number="56" hits="4" branch="false"/>
								<line number="57" hits="4" branch="true" condition-coverage="50 % (1/2)">
									<conditions>
										<condition number="0" type="jump" coverage="50 %"/>
									</conditions>
								</line>
								<line number="58" hits="0" branch="false"/>
								<line number="60" hits="4" branch="false"/>
								<line number="62" hits="4" branch="false"/>
								<line number="63" hits="0" branch="false"/>
								<line number="64" hits="0" branch="false"/>
								<line number="65" hits="4" branch="false"/>
								<line number="67" hits="64" branch="true" condition-coverage="100 % (2/2)">
									<conditions>
										<condition number="0" type="jump" coverage="100 %"/>
									</conditions>
								</line>
								<line number="68" hits="60" branch="false"/>
								<line number="69" hits="60" branch="true" condition-coverage="100 % (2/2)">
									<conditions>
										<condition number="0" type="jump" coverage="100 %"/>
									</conditions>
								</line>
								<line number="70" hits="32" branch="true" condition-coverage="50 % (1/2)">
									<conditions>
										<condition number="0" type="jump" coverage="50 %"/>
									</conditions>
								</line>
								<line number="71" hits="0" branch="false"/>
								<line number="73" hits="32" branch="false"/>
								<line number="74" hits="32" branch="false"/>
								<line number="77" hits="4" branch="false"/>
							</lines>
						</method>
						<method name="getBaliseData" signature="()Ljava/lang/String;" line-rate="1.0" branch-rate="1.0">
							<lines>
								<line number="81" hits="192" branch="false"/>
							</lines>
						</method>
						<method name="getNewObjet" signature="()Ljava/lang/Object;" line-rate="0.14285714285714285" branch-rate="1.0">
							<lines>
								<line number="87" hits="8" branch="false"/>
								<line number="88" hits="0" branch="false"/>
								<line number="89" hits="0" branch="false"/>
								<line number="90" hits="0" branch="false"/>
								<line number="91" hits="0" branch="false"/>
								<line number="92" hits="0" branch="false"/>
								<line number="93" hits="0" branch="false"/>
							</lines>
						</method>
						<method name="remplirObject" signature="(Ljava/lang/Object;Ljava/lang/String;Ljava/lang/String;)V" line-rate="0.5555555555555556" branch-rate="0.75">
							<lines>
								<line number="99" hits="90" branch="true" condition-coverage="100 % (4/4)">
									<conditions>
										<condition number="0" type="jump" coverage="100 %"/>
										<condition number="1" type="jump" coverage="100 %"/>
									</conditions>
								</line>
								<line number="101" hits="58" branch="true" condition-coverage="50 % (2/4)">
									<conditions>
										<condition number="0" type="jump" coverage="50 %"/>
										<condition number="1" type="jump" coverage="50 %"/>
									</conditions>
								</line>
								<line number="102" hits="58" branch="false"/>
								<line number="105" hits="0" branch="false"/>
								<line number="106" hits="0" branch="false"/>
								<line number="108" hits="0" branch="false"/>
								<line number="109" hits="0" branch="false"/>
								<line number="111" hits="58" branch="false"/>
								<line number="113" hits="90" branch="false"/>
							</lines>
						</method>
					</methods>
					<lines>
						<line number="41" hits="4" branch="false"/>
						<line number="45" hits="4" branch="false"/>
						<line number="55" hits="4" branch="false"/>
						<line number="56" hits="4" branch="false"/>
						<line number="57" hits="4" branch="true" condition-coverage="50 % (1/2)">
							<conditions>
								<condition number="0" type="jump" coverage="50 %"/>
							</conditions>
						</line>
						<line number="58" hits="0" branch="false"/>
						<line number="60" hits="4" branch="false"/>
						<line number="62" hits="4" branch="false"/>
						<line number="63" hits="0" branch="false"/>
						<line number="64" hits="0" branch="false"/>
						<line number="65" hits="4" branch="false"/>
						<line number="67" hits="64" branch="true" condition-coverage="100 % (2/2)">
							<conditions>
								<condition number="0" type="jump" coverage="100 %"/>
							</conditions>
						</line>
						<line number="68" hits="60" branch="false"/>
						<line number="69" hits="60" branch="true" condition-coverage="100 % (2/2)">
							<conditions>
								<condition number="0" type="jump" coverage="100 %"/>
							</conditions>
						</line>
						<line number="70" hits="32" branch="true" condition-coverage="50 % (1/2)">
							<conditions>
								<condition number="0" type="jump" coverage="50 %"/>
							</conditions>
						</line>
						<line number="71" hits="0" branch="false"/>
						<line number="73" hits="32" branch="false"/>
						<line number="74" hits="32" branch="false"/>
						<line number="77" hits="4" branch="false"/>
						<line number="81" hits="192" branch="false"/>
						<line number="87" hits="8" branch="false"/>
						<line number="88" hits="0" branch="false"/>
						<line number="89" hits="0" branch="false"/>
						<line number="90" hits="0" branch="false"/>
						<line number="91" hits="0" branch="false"/>
						<line number="92" hits="0" branch="false"/>
						<line number="93" hits="0" branch="false"/>
						<line number="99" hits="90" branch="true" condition-coverage="100 % (4/4)">
							<conditions>
								<condition number="0" type="jump" coverage="100 %"/>
								<condition number="1" type="jump" coverage="100 %"/>
							</conditions>
						</line>
						<line number="101" hits="58" branch="true" condition-coverage="50 % (2/4)">
							<conditions>
								<condition number="0" type="jump" coverage="50 %"/>
								<condition number="1" type="jump" coverage="50 %"/>
							</conditions>
						</line>
						<line number="102" hits="58" branch="false"/>
						<line number="105" hits="0" branch="false"/>
						<line number="106" hits="0" branch="false"/>
						<line number="108" hits="0" branch="false"/>
						<line number="109" hits="0" branch="false"/>
						<line number="111" hits="58" branch="false"/>
						<line number="113" hits="90" branch="false"/>
					</lines>
				</class>
			</classes>
		</package>
		<package name="fr.ybo.opendata.nantes.util" line-rate="0.125" branch-rate="1.0" complexity="2.5">
			<classes>
				<class name="fr.ybo.opendata.nantes.util.Connecteur" filename="fr/ybo/opendata/nantes/util/Connecteur.java" line-rate="1.0" branch-rate="1.0" complexity="1.0">
					<methods>
					</methods>
					<lines>
					</lines>
				</class>
				<class name="fr.ybo.opendata.nantes.util.HttpConnecteur" filename="fr/ybo/opendata/nantes/util/HttpConnecteur.java" line-rate="0.125" branch-rate="1.0" complexity="4.0">
					<methods>
						<method name="&lt;init&gt;" signature="()V" line-rate="1.0" branch-rate="1.0">
							<lines>
								<line number="28" hits="4" branch="false"/>
							</lines>
						</method>
						<method name="openInputStream" signature="(Ljava/lang/String;)Ljava/io/InputStream;" line-rate="0.0" branch-rate="1.0">
							<lines>
								<line number="40" hits="0" branch="false"/>
								<line number="41" hits="0" branch="false"/>
								<line number="42" hits="0" branch="false"/>
								<line number="43" hits="0" branch="false"/>
								<line number="44" hits="0" branch="false"/>
								<line number="45" hits="0" branch="false"/>
								<line number="46" hits="0" branch="false"/>
							</lines>
						</method>
					</methods>
					<lines>
						<line number="28" hits="4" branch="false"/>
						<line number="40" hits="0" branch="false"/>
						<line number="41" hits="0" branch="false"/>
						<line number="42" hits="0" branch="false"/>
						<line number="43" hits="0" branch="false"/>
						<line number="44" hits="0" branch="false"/>
						<line number="45" hits="0" branch="false"/>
						<line number="46" hits="0" branch="false"/>
					</lines>
				</class>
			</classes>
		</package>
	</packages>
</coverage>
