<?xml version="1.0"?>
<!DOCTYPE coverage SYSTEM "http://cobertura.sourceforge.net/xml/coverage-04.dtd">

<coverage line-rate="0.8402555910543131" branch-rate="0.828125" lines-covered="263" lines-valid="313" branches-covered="53" branches-valid="64" complexity="1.613861386138614" version="1.9.4.1" timestamp="1322844856656">
	<sources>
		<source>--source</source>
		<source>/scratch/hudson/workspace/OpenDataNantesApi-release/src/main/java</source>
	</sources>
	<packages>
		<package name="fr.ybo.opendata.nantes" line-rate="0.7551020408163265" branch-rate="0.75" complexity="2.75">
			<classes>
				<class name="fr.ybo.opendata.nantes.OpenDataApi" filename="fr/ybo/opendata/nantes/OpenDataApi.java" line-rate="0.7551020408163265" branch-rate="0.75" complexity="2.75">
					<methods>
						<method name="&lt;clinit&gt;" signature="()V" line-rate="1.0" branch-rate="1.0">
							<lines>
								<line number="51" hits="1" branch="false"/>
							</lines>
						</method>
						<method name="&lt;init&gt;" signature="(Ljava/lang/String;)V" line-rate="1.0" branch-rate="1.0">
							<lines>
								<line number="80" hits="6" branch="false"/>
								<line number="81" hits="6" branch="false"/>
								<line number="82" hits="6" branch="false"/>
								<line number="83" hits="6" branch="false"/>
							</lines>
						</method>
						<method name="appelApi" signature="(Ljava/lang/String;Lfr/ybo/opendata/nantes/sax/ApiHandler;)Ljava/util/List;" line-rate="0.47619047619047616" branch-rate="0.5">
							<lines>
								<line number="178" hits="6" branch="false"/>
								<line number="179" hits="6" branch="false"/>
								<line number="181" hits="6" branch="false"/>
								<line number="183" hits="6" branch="false"/>
								<line number="184" hits="6" branch="false"/>
								<line number="186" hits="0" branch="false"/>
								<line number="187" hits="6" branch="false"/>
								<line number="188" hits="0" branch="false"/>
								<line number="189" hits="0" branch="false"/>
								<line number="190" hits="6" branch="false"/>
								<line number="191" hits="0" branch="false"/>
								<line number="192" hits="0" branch="false"/>
								<line number="193" hits="0" branch="false"/>
								<line number="194" hits="0" branch="false"/>
								<line number="195" hits="0" branch="false"/>
								<line number="196" hits="0" branch="false"/>
								<line number="197" hits="0" branch="false"/>
								<line number="198" hits="6" branch="false"/>
								<line number="199" hits="6" branch="true" condition-coverage="50 % (3/6)">
									<conditions>
										<condition number="0" type="jump" coverage="50 %"/>
										<condition number="1" type="jump" coverage="50 %"/>
										<condition number="2" type="jump" coverage="50 %"/>
									</conditions>
								</line>
								<line number="200" hits="0" branch="false"/>
								<line number="202" hits="6" branch="false"/>
							</lines>
						</method>
						<method name="getInfosTrafics" signature="()Ljava/util/List;" line-rate="1.0" branch-rate="1.0">
							<lines>
								<line number="135" hits="3" branch="false"/>
							</lines>
						</method>
						<method name="getInfosTraficsTpsReel" signature="()Ljava/util/List;" line-rate="0.0" branch-rate="1.0">
							<lines>
								<line number="150" hits="0" branch="false"/>
							</lines>
						</method>
						<method name="getParkings" signature="()Ljava/util/List;" line-rate="1.0" branch-rate="1.0">
							<lines>
								<line number="103" hits="2" branch="false"/>
								<line number="105" hits="2" branch="false"/>
								<line number="106" hits="2" branch="false"/>
								<line number="107" hits="38" branch="true" condition-coverage="100 % (2/2)">
									<conditions>
										<condition number="0" type="jump" coverage="100 %"/>
									</conditions>
								</line>
								<line number="108" hits="36" branch="false"/>
								<line number="109" hits="36" branch="true" condition-coverage="100 % (2/2)">
									<conditions>
										<condition number="0" type="jump" coverage="100 %"/>
									</conditions>
								</line>
								<line number="110" hits="4" branch="false"/>
								<line number="112" hits="32" branch="true" condition-coverage="100 % (2/2)">
									<conditions>
										<condition number="0" type="jump" coverage="100 %"/>
									</conditions>
								</line>
								<line number="113" hits="1" branch="false"/>
								<line number="115" hits="31" branch="false"/>
								<line number="118" hits="36" branch="false"/>
								<line number="119" hits="2" branch="false"/>
								<line number="120" hits="2" branch="false"/>
							</lines>
						</method>
						<method name="getTempsParcours" signature="()Ljava/util/List;" line-rate="1.0" branch-rate="1.0">
							<lines>
								<line number="165" hits="1" branch="false"/>
							</lines>
						</method>
						<method name="getUrl" signature="(Ljava/lang/String;)Ljava/lang/String;" line-rate="1.0" branch-rate="1.0">
							<lines>
								<line number="213" hits="6" branch="false"/>
								<line number="214" hits="6" branch="false"/>
								<line number="215" hits="6" branch="false"/>
								<line number="216" hits="6" branch="false"/>
								<line number="217" hits="6" branch="false"/>
							</lines>
						</method>
						<method name="setConnecteur" signature="(Lfr/ybo/opendata/nantes/util/Connecteur;)V" line-rate="1.0" branch-rate="1.0">
							<lines>
								<line number="72" hits="4" branch="false"/>
								<line number="73" hits="4" branch="false"/>
							</lines>
						</method>
					</methods>
					<lines>
						<line number="51" hits="1" branch="false"/>
						<line number="72" hits="4" branch="false"/>
						<line number="73" hits="4" branch="false"/>
						<line number="80" hits="6" branch="false"/>
						<line number="81" hits="6" branch="false"/>
						<line number="82" hits="6" branch="false"/>
						<line number="83" hits="6" branch="false"/>
						<line number="103" hits="2" branch="false"/>
						<line number="105" hits="2" branch="false"/>
						<line number="106" hits="2" branch="false"/>
						<line number="107" hits="38" branch="true" condition-coverage="100 % (2/2)">
							<conditions>
								<condition number="0" type="jump" coverage="100 %"/>
							</conditions>
						</line>
						<line number="108" hits="36" branch="false"/>
						<line number="109" hits="36" branch="true" condition-coverage="100 % (2/2)">
							<conditions>
								<condition number="0" type="jump" coverage="100 %"/>
							</conditions>
						</line>
						<line number="110" hits="4" branch="false"/>
						<line number="112" hits="32" branch="true" condition-coverage="100 % (2/2)">
							<conditions>
								<condition number="0" type="jump" coverage="100 %"/>
							</conditions>
						</line>
						<line number="113" hits="1" branch="false"/>
						<line number="115" hits="31" branch="false"/>
						<line number="118" hits="36" branch="false"/>
						<line number="119" hits="2" branch="false"/>
						<line number="120" hits="2" branch="false"/>
						<line number="135" hits="3" branch="false"/>
						<line number="150" hits="0" branch="false"/>
						<line number="165" hits="1" branch="false"/>
						<line number="178" hits="6" branch="false"/>
						<line number="179" hits="6" branch="false"/>
						<line number="181" hits="6" branch="false"/>
						<line number="183" hits="6" branch="false"/>
						<line number="184" hits="6" branch="false"/>
						<line number="186" hits="0" branch="false"/>
						<line number="187" hits="6" branch="false"/>
						<line number="188" hits="0" branch="false"/>
						<line number="189" hits="0" branch="false"/>
						<line number="190" hits="6" branch="false"/>
						<line number="191" hits="0" branch="false"/>
						<line number="192" hits="0" branch="false"/>
						<line number="193" hits="0" branch="false"/>
						<line number="194" hits="0" branch="false"/>
						<line number="195" hits="0" branch="false"/>
						<line number="196" hits="0" branch="false"/>
						<line number="197" hits="0" branch="false"/>
						<line number="198" hits="6" branch="false"/>
						<line number="199" hits="6" branch="true" condition-coverage="50 % (3/6)">
							<conditions>
								<condition number="0" type="jump" coverage="50 %"/>
								<condition number="1" type="jump" coverage="50 %"/>
								<condition number="2" type="jump" coverage="50 %"/>
							</conditions>
						</line>
						<line number="200" hits="0" branch="false"/>
						<line number="202" hits="6" branch="false"/>
						<line number="213" hits="6" branch="false"/>
						<line number="214" hits="6" branch="false"/>
						<line number="215" hits="6" branch="false"/>
						<line number="216" hits="6" branch="false"/>
						<line number="217" hits="6" branch="false"/>
					</lines>
				</class>
			</classes>
		</package>
		<package name="fr.ybo.opendata.nantes.exceptions" line-rate="0.0" branch-rate="1.0" complexity="1.0">
			<classes>
				<class name="fr.ybo.opendata.nantes.exceptions.ApiException" filename="fr/ybo/opendata/nantes/exceptions/ApiException.java" line-rate="0.0" branch-rate="1.0" complexity="1.0">
					<methods>
						<method name="&lt;init&gt;" signature="(Ljava/lang/String;)V" line-rate="0.0" branch-rate="1.0">
							<lines>
								<line number="44" hits="0" branch="false"/>
								<line number="45" hits="0" branch="false"/>
							</lines>
						</method>
						<method name="&lt;init&gt;" signature="(Ljava/lang/String;Ljava/lang/Throwable;)V" line-rate="0.0" branch-rate="1.0">
							<lines>
								<line number="35" hits="0" branch="false"/>
								<line number="36" hits="0" branch="false"/>
							</lines>
						</method>
					</methods>
					<lines>
						<line number="35" hits="0" branch="false"/>
						<line number="36" hits="0" branch="false"/>
						<line number="44" hits="0" branch="false"/>
						<line number="45" hits="0" branch="false"/>
					</lines>
				</class>
				<class name="fr.ybo.opendata.nantes.exceptions.ApiReseauException" filename="fr/ybo/opendata/nantes/exceptions/ApiReseauException.java" line-rate="0.0" branch-rate="1.0" complexity="1.0">
					<methods>
						<method name="&lt;init&gt;" signature="()V" line-rate="0.0" branch-rate="1.0">
							<lines>
								<line number="31" hits="0" branch="false"/>
								<line number="32" hits="0" branch="false"/>
							</lines>
						</method>
						<method name="&lt;init&gt;" signature="(Ljava/lang/Exception;)V" line-rate="0.0" branch-rate="1.0">
							<lines>
								<line number="39" hits="0" branch="false"/>
								<line number="40" hits="0" branch="false"/>
							</lines>
						</method>
					</methods>
					<lines>
						<line number="31" hits="0" branch="false"/>
						<line number="32" hits="0" branch="false"/>
						<line number="39" hits="0" branch="false"/>
						<line number="40" hits="0" branch="false"/>
					</lines>
				</class>
			</classes>
		</package>
		<package name="fr.ybo.opendata.nantes.modele" line-rate="0.9649122807017544" branch-rate="0.8333333333333334" complexity="1.0833333333333333">
			<classes>
				<class name="fr.ybo.opendata.nantes.modele.Answer" filename="fr/ybo/opendata/nantes/modele/Answer.java" line-rate="1.0" branch-rate="1.0" complexity="1.3333333333333333">
					<methods>
						<method name="&lt;init&gt;" signature="()V" line-rate="1.0" branch-rate="1.0">
							<lines>
								<line number="25" hits="6" branch="false"/>
							</lines>
						</method>
						<method name="getData" signature="()Ljava/util/List;" line-rate="1.0" branch-rate="1.0">
							<lines>
								<line number="40" hits="52" branch="true" condition-coverage="100 % (2/2)">
									<conditions>
										<condition number="0" type="jump" coverage="100 %"/>
									</conditions>
								</line>
								<line number="41" hits="6" branch="false"/>
								<line number="43" hits="52" branch="false"/>
							</lines>
						</method>
						<method name="getStatus" signature="()Lfr/ybo/opendata/nantes/modele/StatusApi;" line-rate="1.0" branch-rate="1.0">
							<lines>
								<line number="52" hits="30" branch="false"/>
							</lines>
						</method>
						<method name="setStatus" signature="(Lfr/ybo/opendata/nantes/modele/StatusApi;)V" line-rate="1.0" branch-rate="1.0">
							<lines>
								<line number="61" hits="6" branch="false"/>
								<line number="62" hits="6" branch="false"/>
							</lines>
						</method>
					</methods>
					<lines>
						<line number="25" hits="6" branch="false"/>
						<line number="40" hits="52" branch="true" condition-coverage="100 % (2/2)">
							<conditions>
								<condition number="0" type="jump" coverage="100 %"/>
							</conditions>
						</line>
						<line number="41" hits="6" branch="false"/>
						<line number="43" hits="52" branch="false"/>
						<line number="52" hits="30" branch="false"/>
						<line number="61" hits="6" branch="false"/>
						<line number="62" hits="6" branch="false"/>
					</lines>
				</class>
				<class name="fr.ybo.opendata.nantes.modele.Equipement" filename="fr/ybo/opendata/nantes/modele/Equipement.java" line-rate="1.0" branch-rate="1.0" complexity="1.0">
					<methods>
						<method name="&lt;init&gt;" signature="()V" line-rate="1.0" branch-rate="1.0">
							<lines>
								<line number="12" hits="191" branch="false"/>
							</lines>
						</method>
						<method name="getIdObj" signature="()Ljava/lang/String;" line-rate="1.0" branch-rate="1.0">
							<lines>
								<line number="33" hits="214" branch="false"/>
							</lines>
						</method>
						<method name="getLatitude" signature="()Ljava/lang/Double;" line-rate="1.0" branch-rate="1.0">
							<lines>
								<line number="40" hits="29" branch="false"/>
							</lines>
						</method>
						<method name="getLongitude" signature="()Ljava/lang/Double;" line-rate="1.0" branch-rate="1.0">
							<lines>
								<line number="47" hits="29" branch="false"/>
							</lines>
						</method>
					</methods>
					<lines>
						<line number="12" hits="191" branch="false"/>
						<line number="33" hits="214" branch="false"/>
						<line number="40" hits="29" branch="false"/>
						<line number="47" hits="29" branch="false"/>
					</lines>
				</class>
				<class name="fr.ybo.opendata.nantes.modele.InfoTrafic" filename="fr/ybo/opendata/nantes/modele/InfoTrafic.java" line-rate="1.0" branch-rate="1.0" complexity="1.0">
					<methods>
						<method name="&lt;clinit&gt;" signature="()V" line-rate="1.0" branch-rate="1.0">
							<lines>
								<line number="120" hits="1" branch="false"/>
								<line number="124" hits="1" branch="false"/>
							</lines>
						</method>
						<method name="&lt;init&gt;" signature="()V" line-rate="1.0" branch-rate="1.0">
							<lines>
								<line number="15" hits="8" branch="false"/>
							</lines>
						</method>
						<method name="getCode" signature="()Ljava/lang/String;" line-rate="1.0" branch-rate="1.0">
							<lines>
								<line number="54" hits="2" branch="false"/>
							</lines>
						</method>
						<method name="getDateDebut" signature="()Ljava/util/Date;" line-rate="1.0" branch-rate="1.0">
							<lines>
								<line number="114" hits="4" branch="false"/>
							</lines>
						</method>
						<method name="getDateFin" signature="()Ljava/util/Date;" line-rate="1.0" branch-rate="1.0">
							<lines>
								<line number="139" hits="4" branch="false"/>
							</lines>
						</method>
						<method name="getIntitule" signature="()Ljava/lang/String;" line-rate="1.0" branch-rate="1.0">
							<lines>
								<line number="69" hits="2" branch="false"/>
							</lines>
						</method>
						<method name="getResume" signature="()Ljava/lang/String;" line-rate="1.0" branch-rate="1.0">
							<lines>
								<line number="84" hits="4" branch="false"/>
							</lines>
						</method>
						<method name="getTexteVocal" signature="()Ljava/lang/String;" line-rate="1.0" branch-rate="1.0">
							<lines>
								<line number="99" hits="2" branch="false"/>
							</lines>
						</method>
						<method name="getTroncons" signature="()Ljava/lang/String;" line-rate="1.0" branch-rate="1.0">
							<lines>
								<line number="190" hits="3" branch="false"/>
							</lines>
						</method>
						<method name="isTerminee" signature="()Z" line-rate="1.0" branch-rate="1.0">
							<lines>
								<line number="175" hits="4" branch="false"/>
							</lines>
						</method>
						<method name="setCode" signature="(Ljava/lang/String;)V" line-rate="1.0" branch-rate="1.0">
							<lines>
								<line number="62" hits="8" branch="false"/>
								<line number="63" hits="8" branch="false"/>
							</lines>
						</method>
						<method name="setDateDebut" signature="(Ljava/lang/String;)V" line-rate="1.0" branch-rate="1.0">
							<lines>
								<line number="132" hits="8" branch="false"/>
								<line number="133" hits="8" branch="false"/>
							</lines>
						</method>
						<method name="setDateFin" signature="(Ljava/lang/String;)V" line-rate="1.0" branch-rate="1.0">
							<lines>
								<line number="148" hits="7" branch="false"/>
								<line number="149" hits="7" branch="false"/>
							</lines>
						</method>
						<method name="setHeureDebut" signature="(Ljava/lang/String;)V" line-rate="1.0" branch-rate="1.0">
							<lines>
								<line number="158" hits="6" branch="false"/>
								<line number="159" hits="6" branch="false"/>
							</lines>
						</method>
						<method name="setHeureFin" signature="(Ljava/lang/String;)V" line-rate="1.0" branch-rate="1.0">
							<lines>
								<line number="168" hits="6" branch="false"/>
								<line number="169" hits="6" branch="false"/>
							</lines>
						</method>
						<method name="setIntitule" signature="(Ljava/lang/String;)V" line-rate="1.0" branch-rate="1.0">
							<lines>
								<line number="77" hits="8" branch="false"/>
								<line number="78" hits="8" branch="false"/>
							</lines>
						</method>
						<method name="setResume" signature="(Ljava/lang/String;)V" line-rate="1.0" branch-rate="1.0">
							<lines>
								<line number="92" hits="8" branch="false"/>
								<line number="93" hits="8" branch="false"/>
							</lines>
						</method>
						<method name="setTerminee" signature="(Z)V" line-rate="1.0" branch-rate="1.0">
							<lines>
								<line number="183" hits="8" branch="false"/>
								<line number="184" hits="8" branch="false"/>
							</lines>
						</method>
						<method name="setTexteVocal" signature="(Ljava/lang/String;)V" line-rate="1.0" branch-rate="1.0">
							<lines>
								<line number="107" hits="8" branch="false"/>
								<line number="108" hits="8" branch="false"/>
							</lines>
						</method>
						<method name="setTroncons" signature="(Ljava/lang/String;)V" line-rate="1.0" branch-rate="1.0">
							<lines>
								<line number="198" hits="7" branch="false"/>
								<line number="199" hits="7" branch="false"/>
							</lines>
						</method>
					</methods>
					<lines>
						<line number="15" hits="8" branch="false"/>
						<line number="54" hits="2" branch="false"/>
						<line number="62" hits="8" branch="false"/>
						<line number="63" hits="8" branch="false"/>
						<line number="69" hits="2" branch="false"/>
						<line number="77" hits="8" branch="false"/>
						<line number="78" hits="8" branch="false"/>
						<line number="84" hits="4" branch="false"/>
						<line number="92" hits="8" branch="false"/>
						<line number="93" hits="8" branch="false"/>
						<line number="99" hits="2" branch="false"/>
						<line number="107" hits="8" branch="false"/>
						<line number="108" hits="8" branch="false"/>
						<line number="114" hits="4" branch="false"/>
						<line number="120" hits="1" branch="false"/>
						<line number="124" hits="1" branch="false"/>
						<line number="132" hits="8" branch="false"/>
						<line number="133" hits="8" branch="false"/>
						<line number="139" hits="4" branch="false"/>
						<line number="148" hits="7" branch="false"/>
						<line number="149" hits="7" branch="false"/>
						<line number="158" hits="6" branch="false"/>
						<line number="159" hits="6" branch="false"/>
						<line number="168" hits="6" branch="false"/>
						<line number="169" hits="6" branch="false"/>
						<line number="175" hits="4" branch="false"/>
						<line number="183" hits="8" branch="false"/>
						<line number="184" hits="8" branch="false"/>
						<line number="190" hits="3" branch="false"/>
						<line number="198" hits="7" branch="false"/>
						<line number="199" hits="7" branch="false"/>
					</lines>
				</class>
				<class name="fr.ybo.opendata.nantes.modele.Itineraire" filename="fr/ybo/opendata/nantes/modele/Itineraire.java" line-rate="1.0" branch-rate="1.0" complexity="1.0">
					<methods>
						<method name="&lt;clinit&gt;" signature="()V" line-rate="1.0" branch-rate="1.0">
							<lines>
								<line number="88" hits="1" branch="false"/>
							</lines>
						</method>
						<method name="&lt;init&gt;" signature="()V" line-rate="1.0" branch-rate="1.0">
							<lines>
								<line number="15" hits="2" branch="false"/>
							</lines>
						</method>
						<method name="getIdentifiant" signature="()Ljava/lang/String;" line-rate="1.0" branch-rate="1.0">
							<lines>
								<line number="37" hits="1" branch="false"/>
							</lines>
						</method>
						<method name="getLastUpdate" signature="()Ljava/util/Date;" line-rate="1.0" branch-rate="1.0">
							<lines>
								<line number="82" hits="1" branch="false"/>
							</lines>
						</method>
						<method name="getTemps" signature="()I" line-rate="1.0" branch-rate="1.0">
							<lines>
								<line number="52" hits="1" branch="false"/>
							</lines>
						</method>
						<method name="isValide" signature="()Z" line-rate="1.0" branch-rate="1.0">
							<lines>
								<line number="67" hits="2" branch="false"/>
							</lines>
						</method>
						<method name="setIdentifiant" signature="(Ljava/lang/String;)V" line-rate="1.0" branch-rate="1.0">
							<lines>
								<line number="45" hits="2" branch="false"/>
								<line number="46" hits="2" branch="false"/>
							</lines>
						</method>
						<method name="setLastUpdate" signature="(Ljava/lang/String;)V" line-rate="1.0" branch-rate="1.0">
							<lines>
								<line number="96" hits="2" branch="false"/>
								<line number="97" hits="2" branch="false"/>
							</lines>
						</method>
						<method name="setTemps" signature="(I)V" line-rate="1.0" branch-rate="1.0">
							<lines>
								<line number="60" hits="2" branch="false"/>
								<line number="61" hits="2" branch="false"/>
							</lines>
						</method>
						<method name="setValide" signature="(Z)V" line-rate="1.0" branch-rate="1.0">
							<lines>
								<line number="75" hits="2" branch="false"/>
								<line number="76" hits="2" branch="false"/>
							</lines>
						</method>
					</methods>
					<lines>
						<line number="15" hits="2" branch="false"/>
						<line number="37" hits="1" branch="false"/>
						<line number="45" hits="2" branch="false"/>
						<line number="46" hits="2" branch="false"/>
						<line number="52" hits="1" branch="false"/>
						<line number="60" hits="2" branch="false"/>
						<line number="61" hits="2" branch="false"/>
						<line number="67" hits="2" branch="false"/>
						<line number="75" hits="2" branch="false"/>
						<line number="76" hits="2" branch="false"/>
						<line number="82" hits="1" branch="false"/>
						<line number="88" hits="1" branch="false"/>
						<line number="96" hits="2" branch="false"/>
						<line number="97" hits="2" branch="false"/>
					</lines>
				</class>
				<class name="fr.ybo.opendata.nantes.modele.MappingEquipement" filename="fr/ybo/opendata/nantes/modele/MappingEquipement.java" line-rate="1.0" branch-rate="1.0" complexity="1.0">
					<methods>
						<method name="&lt;init&gt;" signature="()V" line-rate="1.0" branch-rate="1.0">
							<lines>
								<line number="10" hits="29" branch="false"/>
							</lines>
						</method>
						<method name="getIdObj" signature="()Ljava/lang/String;" line-rate="1.0" branch-rate="1.0">
							<lines>
								<line number="34" hits="81" branch="false"/>
							</lines>
						</method>
						<method name="getIdentifiant" signature="()Ljava/lang/String;" line-rate="1.0" branch-rate="1.0">
							<lines>
								<line number="27" hits="29" branch="false"/>
							</lines>
						</method>
					</methods>
					<lines>
						<line number="10" hits="29" branch="false"/>
						<line number="27" hits="29" branch="false"/>
						<line number="34" hits="81" branch="false"/>
					</lines>
				</class>
				<class name="fr.ybo.opendata.nantes.modele.Parking" filename="fr/ybo/opendata/nantes/modele/Parking.java" line-rate="0.9444444444444444" branch-rate="1.0" complexity="1.05">
					<methods>
						<method name="&lt;clinit&gt;" signature="()V" line-rate="1.0" branch-rate="1.0">
							<lines>
								<line number="20" hits="1" branch="false"/>
								<line number="182" hits="1" branch="false"/>
							</lines>
						</method>
						<method name="&lt;init&gt;" signature="()V" line-rate="1.0" branch-rate="1.0">
							<lines>
								<line number="16" hits="36" branch="false"/>
							</lines>
						</method>
						<method name="getDisponibles" signature="()I" line-rate="1.0" branch-rate="1.0">
							<lines>
								<line number="131" hits="1" branch="false"/>
							</lines>
						</method>
						<method name="getIdentifiant" signature="()Ljava/lang/String;" line-rate="1.0" branch-rate="1.0">
							<lines>
								<line number="71" hits="99" branch="false"/>
							</lines>
						</method>
						<method name="getLastUpdate" signature="()Ljava/util/Date;" line-rate="1.0" branch-rate="1.0">
							<lines>
								<line number="176" hits="1" branch="false"/>
							</lines>
						</method>
						<method name="getLatitude" signature="()Ljava/lang/Double;" line-rate="1.0" branch-rate="1.0">
							<lines>
								<line number="200" hits="31" branch="false"/>
							</lines>
						</method>
						<method name="getLongitude" signature="()Ljava/lang/Double;" line-rate="1.0" branch-rate="1.0">
							<lines>
								<line number="214" hits="1" branch="false"/>
							</lines>
						</method>
						<method name="getNom" signature="()Ljava/lang/String;" line-rate="1.0" branch-rate="1.0">
							<lines>
								<line number="86" hits="3" branch="false"/>
							</lines>
						</method>
						<method name="getPlacesTotales" signature="()I" line-rate="1.0" branch-rate="1.0">
							<lines>
								<line number="161" hits="1" branch="false"/>
							</lines>
						</method>
						<method name="getPriorite" signature="()I" line-rate="1.0" branch-rate="1.0">
							<lines>
								<line number="116" hits="1" branch="false"/>
							</lines>
						</method>
						<method name="getSeuilComplet" signature="()I" line-rate="1.0" branch-rate="1.0">
							<lines>
								<line number="146" hits="1" branch="false"/>
							</lines>
						</method>
						<method name="getStatut" signature="()Lfr/ybo/opendata/nantes/modele/StatutParking;" line-rate="1.0" branch-rate="1.0">
							<lines>
								<line number="101" hits="37" branch="false"/>
							</lines>
						</method>
						<method name="setDisponibles" signature="(I)V" line-rate="1.0" branch-rate="1.0">
							<lines>
								<line number="139" hits="36" branch="false"/>
								<line number="140" hits="36" branch="false"/>
							</lines>
						</method>
						<method name="setIdentifiant" signature="(Ljava/lang/String;)V" line-rate="1.0" branch-rate="1.0">
							<lines>
								<line number="79" hits="36" branch="false"/>
								<line number="80" hits="36" branch="false"/>
							</lines>
						</method>
						<method name="setLastUpdate" signature="(Ljava/lang/String;)V" line-rate="0.6" branch-rate="1.0">
							<lines>
								<line number="190" hits="36" branch="false"/>
								<line number="191" hits="0" branch="false"/>
								<line number="192" hits="0" branch="false"/>
								<line number="193" hits="36" branch="false"/>
								<line number="194" hits="36" branch="false"/>
							</lines>
						</method>
						<method name="setLatitude" signature="(Ljava/lang/Double;)V" line-rate="1.0" branch-rate="1.0">
							<lines>
								<line number="207" hits="29" branch="false"/>
								<line number="208" hits="29" branch="false"/>
							</lines>
						</method>
						<method name="setLongitude" signature="(Ljava/lang/Double;)V" line-rate="1.0" branch-rate="1.0">
							<lines>
								<line number="221" hits="29" branch="false"/>
								<line number="222" hits="29" branch="false"/>
							</lines>
						</method>
						<method name="setNom" signature="(Ljava/lang/String;)V" line-rate="1.0" branch-rate="1.0">
							<lines>
								<line number="94" hits="36" branch="false"/>
								<line number="95" hits="36" branch="false"/>
							</lines>
						</method>
						<method name="setPlacesTotales" signature="(I)V" line-rate="1.0" branch-rate="1.0">
							<lines>
								<line number="169" hits="36" branch="false"/>
								<line number="170" hits="36" branch="false"/>
							</lines>
						</method>
						<method name="setPriorite" signature="(I)V" line-rate="1.0" branch-rate="1.0">
							<lines>
								<line number="124" hits="36" branch="false"/>
								<line number="125" hits="36" branch="false"/>
							</lines>
						</method>
						<method name="setSeuilComplet" signature="(I)V" line-rate="1.0" branch-rate="1.0">
							<lines>
								<line number="154" hits="36" branch="false"/>
								<line number="155" hits="36" branch="false"/>
							</lines>
						</method>
						<method name="setStatut" signature="(I)V" line-rate="1.0" branch-rate="1.0">
							<lines>
								<line number="109" hits="36" branch="false"/>
								<line number="110" hits="36" branch="false"/>
							</lines>
						</method>
					</methods>
					<lines>
						<line number="16" hits="36" branch="false"/>
						<line number="20" hits="1" branch="false"/>
						<line number="71" hits="99" branch="false"/>
						<line number="79" hits="36" branch="false"/>
						<line number="80" hits="36" branch="false"/>
						<line number="86" hits="3" branch="false"/>
						<line number="94" hits="36" branch="false"/>
						<line number="95" hits="36" branch="false"/>
						<line number="101" hits="37" branch="false"/>
						<line number="109" hits="36" branch="false"/>
						<line number="110" hits="36" branch="false"/>
						<line number="116" hits="1" branch="false"/>
						<line number="124" hits="36" branch="false"/>
						<line number="125" hits="36" branch="false"/>
						<line number="131" hits="1" branch="false"/>
						<line number="139" hits="36" branch="false"/>
						<line number="140" hits="36" branch="false"/>
						<line number="146" hits="1" branch="false"/>
						<line number="154" hits="36" branch="false"/>
						<line number="155" hits="36" branch="false"/>
						<line number="161" hits="1" branch="false"/>
						<line number="169" hits="36" branch="false"/>
						<line number="170" hits="36" branch="false"/>
						<line number="176" hits="1" branch="false"/>
						<line number="182" hits="1" branch="false"/>
						<line number="190" hits="36" branch="false"/>
						<line number="191" hits="0" branch="false"/>
						<line number="192" hits="0" branch="false"/>
						<line number="193" hits="36" branch="false"/>
						<line number="194" hits="36" branch="false"/>
						<line number="200" hits="31" branch="false"/>
						<line number="207" hits="29" branch="false"/>
						<line number="208" hits="29" branch="false"/>
						<line number="214" hits="1" branch="false"/>
						<line number="221" hits="29" branch="false"/>
						<line number="222" hits="29" branch="false"/>
					</lines>
				</class>
				<class name="fr.ybo.opendata.nantes.modele.StatusApi" filename="fr/ybo/opendata/nantes/modele/StatusApi.java" line-rate="0.8571428571428571" branch-rate="1.0" complexity="1.0">
					<methods>
						<method name="&lt;init&gt;" signature="()V" line-rate="1.0" branch-rate="1.0">
							<lines>
								<line number="21" hits="6" branch="false"/>
							</lines>
						</method>
						<method name="getCode" signature="()Ljava/lang/String;" line-rate="1.0" branch-rate="1.0">
							<lines>
								<line number="37" hits="6" branch="false"/>
							</lines>
						</method>
						<method name="getMessage" signature="()Ljava/lang/String;" line-rate="0.0" branch-rate="1.0">
							<lines>
								<line number="44" hits="0" branch="false"/>
							</lines>
						</method>
						<method name="setCode" signature="(Ljava/lang/String;)V" line-rate="1.0" branch-rate="1.0">
							<lines>
								<line number="51" hits="6" branch="false"/>
								<line number="52" hits="6" branch="false"/>
							</lines>
						</method>
						<method name="setMessage" signature="(Ljava/lang/String;)V" line-rate="1.0" branch-rate="1.0">
							<lines>
								<line number="58" hits="6" branch="false"/>
								<line number="59" hits="6" branch="false"/>
							</lines>
						</method>
					</methods>
					<lines>
						<line number="21" hits="6" branch="false"/>
						<line number="37" hits="6" branch="false"/>
						<line number="44" hits="0" branch="false"/>
						<line number="51" hits="6" branch="false"/>
						<line number="52" hits="6" branch="false"/>
						<line number="58" hits="6" branch="false"/>
						<line number="59" hits="6" branch="false"/>
					</lines>
				</class>
				<class name="fr.ybo.opendata.nantes.modele.StatutParking" filename="fr/ybo/opendata/nantes/modele/StatutParking.java" line-rate="0.9166666666666666" branch-rate="0.75" complexity="2.5">
					<methods>
						<method name="&lt;clinit&gt;" signature="()V" line-rate="1.0" branch-rate="1.0">
							<lines>
								<line number="6" hits="37" branch="false"/>
								<line number="10" hits="1" branch="false"/>
								<line number="14" hits="1" branch="false"/>
								<line number="19" hits="1" branch="false"/>
								<line number="24" hits="1" branch="false"/>
							</lines>
						</method>
						<method name="&lt;init&gt;" signature="(Ljava/lang/String;II)V" line-rate="1.0" branch-rate="1.0">
							<lines>
								<line number="36" hits="4" branch="false"/>
								<line number="37" hits="4" branch="false"/>
								<line number="38" hits="4" branch="false"/>
							</lines>
						</method>
						<method name="fromValue" signature="(I)Lfr/ybo/opendata/nantes/modele/StatutParking;" line-rate="0.75" branch-rate="0.75">
							<lines>
								<line number="47" hits="131" branch="true" condition-coverage="50 % (1/2)">
									<conditions>
										<condition number="0" type="jump" coverage="50 %"/>
									</conditions>
								</line>
								<line number="48" hits="131" branch="true" condition-coverage="100 % (2/2)">
									<conditions>
										<condition number="0" type="jump" coverage="100 %"/>
									</conditions>
								</line>
								<line number="49" hits="36" branch="false"/>
								<line number="52" hits="0" branch="false"/>
							</lines>
						</method>
						<method name="valueOf" signature="(Ljava/lang/String;)Lfr/ybo/opendata/nantes/modele/StatutParking;" line-rate="1.0" branch-rate="1.0">
							<lines>
							</lines>
						</method>
						<method name="values" signature="()[Lfr/ybo/opendata/nantes/modele/StatutParking;" line-rate="1.0" branch-rate="1.0">
							<lines>
							</lines>
						</method>
					</methods>
					<lines>
						<line number="6" hits="37" branch="false"/>
						<line number="10" hits="1" branch="false"/>
						<line number="14" hits="1" branch="false"/>
						<line number="19" hits="1" branch="false"/>
						<line number="24" hits="1" branch="false"/>
						<line number="36" hits="4" branch="false"/>
						<line number="37" hits="4" branch="false"/>
						<line number="38" hits="4" branch="false"/>
						<line number="47" hits="131" branch="true" condition-coverage="50 % (1/2)">
							<conditions>
								<condition number="0" type="jump" coverage="50 %"/>
							</conditions>
						</line>
						<line number="48" hits="131" branch="true" condition-coverage="100 % (2/2)">
							<conditions>
								<condition number="0" type="jump" coverage="100 %"/>
							</conditions>
						</line>
						<line number="49" hits="36" branch="false"/>
						<line number="52" hits="0" branch="false"/>
					</lines>
				</class>
			</classes>
		</package>
		<package name="fr.ybo.opendata.nantes.sax" line-rate="0.8051948051948052" branch-rate="0.78125" complexity="2.823529411764706">
			<classes>
				<class name="fr.ybo.opendata.nantes.sax.ApiHandler" filename="fr/ybo/opendata/nantes/sax/ApiHandler.java" line-rate="1.0" branch-rate="0.8125" complexity="2.0">
					<methods>
						<method name="&lt;init&gt;" signature="()V" line-rate="1.0" branch-rate="1.0">
							<lines>
								<line number="27" hits="6" branch="false"/>
							</lines>
						</method>
						<method name="characters" signature="([CII)V" line-rate="1.0" branch-rate="1.0">
							<lines>
								<line number="64" hits="862" branch="false"/>
								<line number="65" hits="862" branch="false"/>
								<line number="66" hits="862" branch="false"/>
							</lines>
						</method>
						<method name="endElement" signature="(Ljava/lang/String;Ljava/lang/String;Ljava/lang/String;)V" line-rate="1.0" branch-rate="0.75">
							<lines>
								<line number="70" hits="469" branch="false"/>
								<line number="71" hits="469" branch="true" condition-coverage="100 % (2/2)">
									<conditions>
										<condition number="0" type="jump" coverage="100 %"/>
									</conditions>
								</line>
								<line number="72" hits="463" branch="true" condition-coverage="100 % (2/2)">
									<conditions>
										<condition number="0" type="jump" coverage="100 %"/>
									</conditions>
								</line>
								<line number="73" hits="46" branch="false"/>
								<line number="75" hits="417" branch="true" condition-coverage="50 % (1/2)">
									<conditions>
										<condition number="0" type="jump" coverage="50 %"/>
									</conditions>
								</line>
								<line number="76" hits="417" branch="false"/>
								<line number="79" hits="463" branch="true" condition-coverage="50 % (1/2)">
									<conditions>
										<condition number="0" type="jump" coverage="50 %"/>
									</conditions>
								</line>
								<line number="80" hits="463" branch="false"/>
								<line number="83" hits="469" branch="false"/>
							</lines>
						</method>
						<method name="getAnswer" signature="()Lfr/ybo/opendata/nantes/modele/Answer;" line-rate="1.0" branch-rate="1.0">
							<lines>
								<line number="91" hits="6" branch="false"/>
							</lines>
						</method>
						<method name="startDocument" signature="()V" line-rate="1.0" branch-rate="1.0">
							<lines>
								<line number="119" hits="6" branch="false"/>
								<line number="120" hits="6" branch="false"/>
								<line number="121" hits="6" branch="false"/>
							</lines>
						</method>
						<method name="startElement" signature="(Ljava/lang/String;Ljava/lang/String;Ljava/lang/String;Lorg/xml/sax/Attributes;)V" line-rate="1.0" branch-rate="0.875">
							<lines>
								<line number="125" hits="469" branch="false"/>
								<line number="126" hits="469" branch="true" condition-coverage="100 % (2/2)">
									<conditions>
										<condition number="0" type="jump" coverage="100 %"/>
									</conditions>
								</line>
								<line number="127" hits="6" branch="false"/>
								<line number="128" hits="463" branch="true" condition-coverage="75 % (3/4)">
									<conditions>
										<condition number="0" type="jump" coverage="100 %"/>
										<condition number="1" type="jump" coverage="50 %"/>
									</conditions>
								</line>
								<line number="129" hits="6" branch="false"/>
								<line number="130" hits="6" branch="false"/>
								<line number="131" hits="6" branch="false"/>
								<line number="132" hits="457" branch="true" condition-coverage="100 % (2/2)">
									<conditions>
										<condition number="0" type="jump" coverage="100 %"/>
									</conditions>
								</line>
								<line number="133" hits="46" branch="false"/>
								<line number="135" hits="469" branch="false"/>
								<line number="136" hits="469" branch="false"/>
							</lines>
						</method>
					</methods>
					<lines>
						<line number="27" hits="6" branch="false"/>
						<line number="64" hits="862" branch="false"/>
						<line number="65" hits="862" branch="false"/>
						<line number="66" hits="862" branch="false"/>
						<line number="70" hits="469" branch="false"/>
						<line number="71" hits="469" branch="true" condition-coverage="100 % (2/2)">
							<conditions>
								<condition number="0" type="jump" coverage="100 %"/>
							</conditions>
						</line>
						<line number="72" hits="463" branch="true" condition-coverage="100 % (2/2)">
							<conditions>
								<condition number="0" type="jump" coverage="100 %"/>
							</conditions>
						</line>
						<line number="73" hits="46" branch="false"/>
						<line number="75" hits="417" branch="true" condition-coverage="50 % (1/2)">
							<conditions>
								<condition number="0" type="jump" coverage="50 %"/>
							</conditions>
						</line>
						<line number="76" hits="417" branch="false"/>
						<line number="79" hits="463" branch="true" condition-coverage="50 % (1/2)">
							<conditions>
								<condition number="0" type="jump" coverage="50 %"/>
							</conditions>
						</line>
						<line number="80" hits="463" branch="false"/>
						<line number="83" hits="469" branch="false"/>
						<line number="91" hits="6" branch="false"/>
						<line number="119" hits="6" branch="false"/>
						<line number="120" hits="6" branch="false"/>
						<line number="121" hits="6" branch="false"/>
						<line number="125" hits="469" branch="false"/>
						<line number="126" hits="469" branch="true" condition-coverage="100 % (2/2)">
							<conditions>
								<condition number="0" type="jump" coverage="100 %"/>
							</conditions>
						</line>
						<line number="127" hits="6" branch="false"/>
						<line number="128" hits="463" branch="true" condition-coverage="75 % (3/4)">
							<conditions>
								<condition number="0" type="jump" coverage="100 %"/>
								<condition number="1" type="jump" coverage="50 %"/>
							</conditions>
						</line>
						<line number="129" hits="6" branch="false"/>
						<line number="130" hits="6" branch="false"/>
						<line number="131" hits="6" branch="false"/>
						<line number="132" hits="457" branch="true" condition-coverage="100 % (2/2)">
							<conditions>
								<condition number="0" type="jump" coverage="100 %"/>
							</conditions>
						</line>
						<line number="133" hits="46" branch="false"/>
						<line number="135" hits="469" branch="false"/>
						<line number="136" hits="469" branch="false"/>
					</lines>
				</class>
				<class name="fr.ybo.opendata.nantes.sax.BaliseData" filename="fr/ybo/opendata/nantes/sax/BaliseData.java" line-rate="1.0" branch-rate="1.0" complexity="0.0">
					<methods>
					</methods>
					<lines>
					</lines>
				</class>
				<class name="fr.ybo.opendata.nantes.sax.BaliseType" filename="fr/ybo/opendata/nantes/sax/BaliseType.java" line-rate="1.0" branch-rate="1.0" complexity="1.0">
					<methods>
						<method name="&lt;clinit&gt;" signature="()V" line-rate="1.0" branch-rate="1.0">
							<lines>
								<line number="20" hits="10" branch="false"/>
								<line number="24" hits="1" branch="false"/>
								<line number="33" hits="1" branch="false"/>
								<line number="42" hits="1" branch="false"/>
								<line number="51" hits="1" branch="false"/>
							</lines>
						</method>
						<method name="&lt;init&gt;" signature="(Ljava/lang/String;I)V" line-rate="1.0" branch-rate="1.0">
							<lines>
							</lines>
						</method>
						<method name="&lt;init&gt;" signature="(Ljava/lang/String;ILfr/ybo/opendata/nantes/sax/BaliseType$1;)V" line-rate="1.0" branch-rate="1.0">
							<lines>
							</lines>
						</method>
						<method name="valueOf" signature="(Ljava/lang/String;)Lfr/ybo/opendata/nantes/sax/BaliseType;" line-rate="1.0" branch-rate="1.0">
							<lines>
							</lines>
						</method>
						<method name="values" signature="()[Lfr/ybo/opendata/nantes/sax/BaliseType;" line-rate="1.0" branch-rate="1.0">
							<lines>
							</lines>
						</method>
					</methods>
					<lines>
						<line number="20" hits="10" branch="false"/>
						<line number="24" hits="1" branch="false"/>
						<line number="33" hits="1" branch="false"/>
						<line number="42" hits="1" branch="false"/>
						<line number="51" hits="1" branch="false"/>
					</lines>
				</class>
				<class name="fr.ybo.opendata.nantes.sax.BaliseType$1" filename="fr/ybo/opendata/nantes/sax/BaliseType.java" line-rate="1.0" branch-rate="1.0" complexity="1.0">
					<methods>
						<method name="&lt;init&gt;" signature="(Ljava/lang/String;I)V" line-rate="1.0" branch-rate="1.0">
							<lines>
								<line number="24" hits="1" branch="false"/>
							</lines>
						</method>
						<method name="convertir" signature="(Ljava/lang/String;)Ljava/lang/Object;" line-rate="1.0" branch-rate="1.0">
							<lines>
								<line number="27" hits="178" branch="false"/>
							</lines>
						</method>
					</methods>
					<lines>
						<line number="24" hits="1" branch="false"/>
						<line number="27" hits="178" branch="false"/>
					</lines>
				</class>
				<class name="fr.ybo.opendata.nantes.sax.BaliseType$2" filename="fr/ybo/opendata/nantes/sax/BaliseType.java" line-rate="1.0" branch-rate="1.0" complexity="1.0">
					<methods>
						<method name="&lt;init&gt;" signature="(Ljava/lang/String;I)V" line-rate="1.0" branch-rate="1.0">
							<lines>
								<line number="33" hits="1" branch="false"/>
							</lines>
						</method>
						<method name="convertir" signature="(Ljava/lang/String;)Ljava/lang/Object;" line-rate="1.0" branch-rate="1.0">
							<lines>
								<line number="36" hits="10" branch="false"/>
							</lines>
						</method>
					</methods>
					<lines>
						<line number="33" hits="1" branch="false"/>
						<line number="36" hits="10" branch="false"/>
					</lines>
				</class>
				<class name="fr.ybo.opendata.nantes.sax.BaliseType$3" filename="fr/ybo/opendata/nantes/sax/BaliseType.java" line-rate="1.0" branch-rate="1.0" complexity="1.0">
					<methods>
						<method name="&lt;init&gt;" signature="(Ljava/lang/String;I)V" line-rate="1.0" branch-rate="1.0">
							<lines>
								<line number="42" hits="1" branch="false"/>
							</lines>
						</method>
						<method name="convertir" signature="(Ljava/lang/String;)Ljava/lang/Object;" line-rate="1.0" branch-rate="1.0">
							<lines>
								<line number="45" hits="182" branch="false"/>
							</lines>
						</method>
					</methods>
					<lines>
						<line number="42" hits="1" branch="false"/>
						<line number="45" hits="182" branch="false"/>
					</lines>
				</class>
				<class name="fr.ybo.opendata.nantes.sax.BaliseType$4" filename="fr/ybo/opendata/nantes/sax/BaliseType.java" line-rate="0.5" branch-rate="1.0" complexity="1.0">
					<methods>
						<method name="&lt;init&gt;" signature="(Ljava/lang/String;I)V" line-rate="1.0" branch-rate="1.0">
							<lines>
								<line number="51" hits="1" branch="false"/>
							</lines>
						</method>
						<method name="convertir" signature="(Ljava/lang/String;)Ljava/lang/Object;" line-rate="0.0" branch-rate="1.0">
							<lines>
								<line number="54" hits="0" branch="false"/>
							</lines>
						</method>
					</methods>
					<lines>
						<line number="51" hits="1" branch="false"/>
						<line number="54" hits="0" branch="false"/>
					</lines>
				</class>
				<class name="fr.ybo.opendata.nantes.sax.BaliseXml" filename="fr/ybo/opendata/nantes/sax/BaliseXml.java" line-rate="1.0" branch-rate="1.0" complexity="0.0">
					<methods>
					</methods>
					<lines>
					</lines>
				</class>
				<class name="fr.ybo.opendata.nantes.sax.GenericHandler" filename="fr/ybo/opendata/nantes/sax/GenericHandler.java" line-rate="0.6111111111111112" branch-rate="0.75" complexity="6.75">
					<methods>
						<method name="&lt;init&gt;" signature="(Ljava/lang/Class;)V" line-rate="0.7894736842105263" branch-rate="0.75">
							<lines>
								<line number="41" hits="6" branch="false"/>
								<line number="45" hits="6" branch="false"/>
								<line number="55" hits="6" branch="false"/>
								<line number="56" hits="6" branch="false"/>
								<line number="57" hits="6" branch="true" condition-coverage="50 % (1/2)">
									<conditions>
										<condition number="0" type="jump" coverage="50 %"/>
									</conditions>
								</line>
								<line number="58" hits="0" branch="false"/>
								<line number="60" hits="6" branch="false"/>
								<line number="62" hits="6" branch="false"/>
								<line number="63" hits="0" branch="false"/>
								<line number="64" hits="0" branch="false"/>
								<line number="65" hits="6" branch="false"/>
								<line number="67" hits="108" branch="true" condition-coverage="100 % (2/2)">
									<conditions>
										<condition number="0" type="jump" coverage="100 %"/>
									</conditions>
								</line>
								<line number="68" hits="102" branch="false"/>
								<line number="69" hits="102" branch="true" condition-coverage="100 % (2/2)">
									<conditions>
										<condition number="0" type="jump" coverage="100 %"/>
									</conditions>
								</line>
								<line number="70" hits="50" branch="true" condition-coverage="50 % (1/2)">
									<conditions>
										<condition number="0" type="jump" coverage="50 %"/>
									</conditions>
								</line>
								<line number="71" hits="0" branch="false"/>
								<line number="73" hits="50" branch="false"/>
								<line number="74" hits="50" branch="false"/>
								<line number="77" hits="6" branch="false"/>
							</lines>
						</method>
						<method name="getBaliseData" signature="()Ljava/lang/String;" line-rate="1.0" branch-rate="1.0">
							<lines>
								<line number="81" hits="920" branch="false"/>
							</lines>
						</method>
						<method name="getNewObjet" signature="()Ljava/lang/Object;" line-rate="0.14285714285714285" branch-rate="1.0">
							<lines>
								<line number="87" hits="46" branch="false"/>
								<line number="88" hits="0" branch="false"/>
								<line number="89" hits="0" branch="false"/>
								<line number="90" hits="0" branch="false"/>
								<line number="91" hits="0" branch="false"/>
								<line number="92" hits="0" branch="false"/>
								<line number="93" hits="0" branch="false"/>
							</lines>
						</method>
						<method name="remplirObject" signature="(Ljava/lang/Object;Ljava/lang/String;Ljava/lang/String;)V" line-rate="0.5555555555555556" branch-rate="0.75">
							<lines>
								<line number="99" hits="417" branch="true" condition-coverage="100 % (4/4)">
									<conditions>
										<condition number="0" type="jump" coverage="100 %"/>
										<condition number="1" type="jump" coverage="100 %"/>
									</conditions>
								</line>
								<line number="101" hits="370" branch="true" condition-coverage="50 % (2/4)">
									<conditions>
										<condition number="0" type="jump" coverage="50 %"/>
										<condition number="1" type="jump" coverage="50 %"/>
									</conditions>
								</line>
								<line number="102" hits="370" branch="false"/>
								<line number="105" hits="0" branch="false"/>
								<line number="106" hits="0" branch="false"/>
								<line number="108" hits="0" branch="false"/>
								<line number="109" hits="0" branch="false"/>
								<line number="111" hits="370" branch="false"/>
								<line number="113" hits="417" branch="false"/>
							</lines>
						</method>
					</methods>
					<lines>
						<line number="41" hits="6" branch="false"/>
						<line number="45" hits="6" branch="false"/>
						<line number="55" hits="6" branch="false"/>
						<line number="56" hits="6" branch="false"/>
						<line number="57" hits="6" branch="true" condition-coverage="50 % (1/2)">
							<conditions>
								<condition number="0" type="jump" coverage="50 %"/>
							</conditions>
						</line>
						<line number="58" hits="0" branch="false"/>
						<line number="60" hits="6" branch="false"/>
						<line number="62" hits="6" branch="false"/>
						<line number="63" hits="0" branch="false"/>
						<line number="64" hits="0" branch="false"/>
						<line number="65" hits="6" branch="false"/>
						<line number="67" hits="108" branch="true" condition-coverage="100 % (2/2)">
							<conditions>
								<condition number="0" type="jump" coverage="100 %"/>
							</conditions>
						</line>
						<line number="68" hits="102" branch="false"/>
						<line number="69" hits="102" branch="true" condition-coverage="100 % (2/2)">
							<conditions>
								<condition number="0" type="jump" coverage="100 %"/>
							</conditions>
						</line>
						<line number="70" hits="50" branch="true" condition-coverage="50 % (1/2)">
							<conditions>
								<condition number="0" type="jump" coverage="50 %"/>
							</conditions>
						</line>
						<line number="71" hits="0" branch="false"/>
						<line number="73" hits="50" branch="false"/>
						<line number="74" hits="50" branch="false"/>
						<line number="77" hits="6" branch="false"/>
						<line number="81" hits="920" branch="false"/>
						<line number="87" hits="46" branch="false"/>
						<line number="88" hits="0" branch="false"/>
						<line number="89" hits="0" branch="false"/>
						<line number="90" hits="0" branch="false"/>
						<line number="91" hits="0" branch="false"/>
						<line number="92" hits="0" branch="false"/>
						<line number="93" hits="0" branch="false"/>
						<line number="99" hits="417" branch="true" condition-coverage="100 % (4/4)">
							<conditions>
								<condition number="0" type="jump" coverage="100 %"/>
								<condition number="1" type="jump" coverage="100 %"/>
							</conditions>
						</line>
						<line number="101" hits="370" branch="true" condition-coverage="50 % (2/4)">
							<conditions>
								<condition number="0" type="jump" coverage="50 %"/>
								<condition number="1" type="jump" coverage="50 %"/>
							</conditions>
						</line>
						<line number="102" hits="370" branch="false"/>
						<line number="105" hits="0" branch="false"/>
						<line number="106" hits="0" branch="false"/>
						<line number="108" hits="0" branch="false"/>
						<line number="109" hits="0" branch="false"/>
						<line number="111" hits="370" branch="false"/>
						<line number="113" hits="417" branch="false"/>
					</lines>
				</class>
			</classes>
		</package>
		<package name="fr.ybo.opendata.nantes.util" line-rate="0.8307692307692308" branch-rate="1.0" complexity="2.0">
			<classes>
				<class name="fr.ybo.opendata.nantes.util.Connecteur" filename="fr/ybo/opendata/nantes/util/Connecteur.java" line-rate="1.0" branch-rate="1.0" complexity="1.0">
					<methods>
					</methods>
					<lines>
					</lines>
				</class>
				<class name="fr.ybo.opendata.nantes.util.EquipementManager" filename="fr/ybo/opendata/nantes/util/EquipementManager.java" line-rate="0.7777777777777778" branch-rate="1.0" complexity="2.125">
					<methods>
						<method name="&lt;clinit&gt;" signature="()V" line-rate="1.0" branch-rate="1.0">
							<lines>
								<line number="26" hits="1" branch="false"/>
							</lines>
						</method>
						<method name="&lt;init&gt;" signature="()V" line-rate="1.0" branch-rate="1.0">
							<lines>
								<line number="21" hits="1" branch="false"/>
								<line number="142" hits="1" branch="false"/>
							</lines>
						</method>
						<method name="completeParking" signature="(Lfr/ybo/opendata/nantes/modele/Parking;)V" line-rate="1.0" branch-rate="1.0">
							<lines>
								<line number="60" hits="31" branch="false"/>
								<line number="61" hits="31" branch="true" condition-coverage="100 % (2/2)">
									<conditions>
										<condition number="0" type="jump" coverage="100 %"/>
									</conditions>
								</line>
								<line number="62" hits="2" branch="false"/>
								<line number="64" hits="29" branch="false"/>
								<line number="65" hits="29" branch="false"/>
								<line number="67" hits="31" branch="false"/>
							</lines>
						</method>
						<method name="completeParkings" signature="(Ljava/util/List;)V" line-rate="1.0" branch-rate="1.0">
							<lines>
								<line number="49" hits="2" branch="true" condition-coverage="100 % (2/2)">
									<conditions>
										<condition number="0" type="jump" coverage="100 %"/>
									</conditions>
								</line>
								<line number="50" hits="31" branch="false"/>
								<line number="52" hits="2" branch="false"/>
							</lines>
						</method>
						<method name="getInstance" signature="()Lfr/ybo/opendata/nantes/util/EquipementManager;" line-rate="1.0" branch-rate="1.0">
							<lines>
								<line number="37" hits="2" branch="true" condition-coverage="100 % (2/2)">
									<conditions>
										<condition number="0" type="jump" coverage="100 %"/>
									</conditions>
								</line>
								<line number="38" hits="1" branch="false"/>
								<line number="40" hits="2" branch="false"/>
							</lines>
						</method>
						<method name="getMapEquipements" signature="()Ljava/util/Map;" line-rate="0.6190476190476191" branch-rate="1.0">
							<lines>
								<line number="79" hits="31" branch="true" condition-coverage="100 % (2/2)">
									<conditions>
										<condition number="0" type="jump" coverage="100 %"/>
									</conditions>
								</line>
								<line number="80" hits="1" branch="false"/>
								<line number="81" hits="1" branch="false"/>
								<line number="82" hits="1" branch="false"/>
								<line number="83" hits="1" branch="false"/>
								<line number="86" hits="1" branch="false"/>
								<line number="89" hits="0" branch="false"/>
								<line number="90" hits="1" branch="false"/>
								<line number="91" hits="0" branch="false"/>
								<line number="92" hits="0" branch="false"/>
								<line number="93" hits="1" branch="false"/>
								<line number="94" hits="0" branch="false"/>
								<line number="96" hits="1" branch="false"/>
								<line number="99" hits="1" branch="false"/>
								<line number="102" hits="0" branch="false"/>
								<line number="103" hits="1" branch="false"/>
								<line number="104" hits="0" branch="false"/>
								<line number="105" hits="0" branch="false"/>
								<line number="106" hits="1" branch="false"/>
								<line number="107" hits="0" branch="false"/>
								<line number="109" hits="31" branch="false"/>
							</lines>
						</method>
					</methods>
					<lines>
						<line number="21" hits="1" branch="false"/>
						<line number="26" hits="1" branch="false"/>
						<line number="37" hits="2" branch="true" condition-coverage="100 % (2/2)">
							<conditions>
								<condition number="0" type="jump" coverage="100 %"/>
							</conditions>
						</line>
						<line number="38" hits="1" branch="false"/>
						<line number="40" hits="2" branch="false"/>
						<line number="49" hits="2" branch="true" condition-coverage="100 % (2/2)">
							<conditions>
								<condition number="0" type="jump" coverage="100 %"/>
							</conditions>
						</line>
						<line number="50" hits="31" branch="false"/>
						<line number="52" hits="2" branch="false"/>
						<line number="60" hits="31" branch="false"/>
						<line number="61" hits="31" branch="true" condition-coverage="100 % (2/2)">
							<conditions>
								<condition number="0" type="jump" coverage="100 %"/>
							</conditions>
						</line>
						<line number="62" hits="2" branch="false"/>
						<line number="64" hits="29" branch="false"/>
						<line number="65" hits="29" branch="false"/>
						<line number="67" hits="31" branch="false"/>
						<line number="79" hits="31" branch="true" condition-coverage="100 % (2/2)">
							<conditions>
								<condition number="0" type="jump" coverage="100 %"/>
							</conditions>
						</line>
						<line number="80" hits="1" branch="false"/>
						<line number="81" hits="1" branch="false"/>
						<line number="82" hits="1" branch="false"/>
						<line number="83" hits="1" branch="false"/>
						<line number="86" hits="1" branch="false"/>
						<line number="89" hits="0" branch="false"/>
						<line number="90" hits="1" branch="false"/>
						<line number="91" hits="0" branch="false"/>
						<line number="92" hits="0" branch="false"/>
						<line number="93" hits="1" branch="false"/>
						<line number="94" hits="0" branch="false"/>
						<line number="96" hits="1" branch="false"/>
						<line number="99" hits="1" branch="false"/>
						<line number="102" hits="0" branch="false"/>
						<line number="103" hits="1" branch="false"/>
						<line number="104" hits="0" branch="false"/>
						<line number="105" hits="0" branch="false"/>
						<line number="106" hits="1" branch="false"/>
						<line number="107" hits="0" branch="false"/>
						<line number="109" hits="31" branch="false"/>
						<line number="142" hits="1" branch="false"/>
					</lines>
				</class>
				<class name="fr.ybo.opendata.nantes.util.EquipementManager$1" filename="fr/ybo/opendata/nantes/util/EquipementManager.java" line-rate="1.0" branch-rate="1.0" complexity="2.125">
					<methods>
					</methods>
					<lines>
					</lines>
				</class>
				<class name="fr.ybo.opendata.nantes.util.EquipementManager$EquipementInsertObject" filename="fr/ybo/opendata/nantes/util/EquipementManager.java" line-rate="1.0" branch-rate="1.0" complexity="2.125">
					<methods>
						<method name="&lt;init&gt;" signature="(Ljava/util/Map;Ljava/util/Map;)V" line-rate="1.0" branch-rate="1.0">
							<lines>
								<line number="158" hits="1" branch="false"/>
								<line number="159" hits="1" branch="false"/>
								<line number="160" hits="1" branch="false"/>
								<line number="161" hits="1" branch="false"/>
							</lines>
						</method>
						<method name="&lt;init&gt;" signature="(Ljava/util/Map;Ljava/util/Map;Lfr/ybo/opendata/nantes/util/EquipementManager$1;)V" line-rate="1.0" branch-rate="1.0">
							<lines>
								<line number="142" hits="192" branch="false"/>
							</lines>
						</method>
						<method name="insertObject" signature="(Lfr/ybo/opendata/nantes/modele/Equipement;)V" line-rate="1.0" branch-rate="1.0">
							<lines>
								<line number="165" hits="191" branch="true" condition-coverage="100 % (2/2)">
									<conditions>
										<condition number="0" type="jump" coverage="100 %"/>
									</conditions>
								</line>
								<line number="166" hits="23" branch="true" condition-coverage="100 % (2/2)">
									<conditions>
										<condition number="0" type="jump" coverage="100 %"/>
									</conditions>
								</line>
								<line number="167" hits="29" branch="false"/>
								<line number="170" hits="191" branch="false"/>
							</lines>
						</method>
						<method name="insertObject" signature="(Ljava/lang/Object;)V" line-rate="1.0" branch-rate="1.0">
							<lines>
							</lines>
						</method>
					</methods>
					<lines>
						<line number="142" hits="192" branch="false"/>
						<line number="158" hits="1" branch="false"/>
						<line number="159" hits="1" branch="false"/>
						<line number="160" hits="1" branch="false"/>
						<line number="161" hits="1" branch="false"/>
						<line number="165" hits="191" branch="true" condition-coverage="100 % (2/2)">
							<conditions>
								<condition number="0" type="jump" coverage="100 %"/>
							</conditions>
						</line>
						<line number="166" hits="23" branch="true" condition-coverage="100 % (2/2)">
							<conditions>
								<condition number="0" type="jump" coverage="100 %"/>
							</conditions>
						</line>
						<line number="167" hits="29" branch="false"/>
						<line number="170" hits="191" branch="false"/>
					</lines>
				</class>
				<class name="fr.ybo.opendata.nantes.util.EquipementManager$MappingEquipementInsertObject" filename="fr/ybo/opendata/nantes/util/EquipementManager.java" line-rate="1.0" branch-rate="1.0" complexity="2.125">
					<methods>
						<method name="&lt;init&gt;" signature="(Ljava/util/Map;)V" line-rate="1.0" branch-rate="1.0">
							<lines>
								<line number="126" hits="1" branch="false"/>
								<line number="127" hits="1" branch="false"/>
								<line number="128" hits="1" branch="false"/>
							</lines>
						</method>
						<method name="&lt;init&gt;" signature="(Ljava/util/Map;Lfr/ybo/opendata/nantes/util/EquipementManager$1;)V" line-rate="1.0" branch-rate="1.0">
							<lines>
								<line number="115" hits="30" branch="false"/>
							</lines>
						</method>
						<method name="insertObject" signature="(Lfr/ybo/opendata/nantes/modele/MappingEquipement;)V" line-rate="1.0" branch-rate="1.0">
							<lines>
								<line number="132" hits="29" branch="true" condition-coverage="100 % (2/2)">
									<conditions>
										<condition number="0" type="jump" coverage="100 %"/>
									</conditions>
								</line>
								<line number="133" hits="23" branch="false"/>
								<line number="135" hits="29" branch="false"/>
								<line number="136" hits="29" branch="false"/>
							</lines>
						</method>
						<method name="insertObject" signature="(Ljava/lang/Object;)V" line-rate="1.0" branch-rate="1.0">
							<lines>
							</lines>
						</method>
					</methods>
					<lines>
						<line number="115" hits="30" branch="false"/>
						<line number="126" hits="1" branch="false"/>
						<line number="127" hits="1" branch="false"/>
						<line number="128" hits="1" branch="false"/>
						<line number="132" hits="29" branch="true" condition-coverage="100 % (2/2)">
							<conditions>
								<condition number="0" type="jump" coverage="100 %"/>
							</conditions>
						</line>
						<line number="133" hits="23" branch="false"/>
						<line number="135" hits="29" branch="false"/>
						<line number="136" hits="29" branch="false"/>
					</lines>
				</class>
				<class name="fr.ybo.opendata.nantes.util.HttpConnecteur" filename="fr/ybo/opendata/nantes/util/HttpConnecteur.java" line-rate="0.7777777777777778" branch-rate="1.0" complexity="4.0">
					<methods>
						<method name="&lt;init&gt;" signature="()V" line-rate="1.0" branch-rate="1.0">
							<lines>
								<line number="28" hits="6" branch="false"/>
							</lines>
						</method>
						<method name="openInputStream" signature="(Ljava/lang/String;)Ljava/io/InputStream;" line-rate="0.75" branch-rate="1.0">
							<lines>
								<line number="40" hits="2" branch="false"/>
								<line number="41" hits="2" branch="false"/>
								<line number="42" hits="2" branch="false"/>
								<line number="43" hits="2" branch="false"/>
								<line number="44" hits="2" branch="false"/>
								<line number="45" hits="2" branch="false"/>
								<line number="46" hits="0" branch="false"/>
								<line number="47" hits="0" branch="false"/>
							</lines>
						</method>
					</methods>
					<lines>
						<line number="28" hits="6" branch="false"/>
						<line number="40" hits="2" branch="false"/>
						<line number="41" hits="2" branch="false"/>
						<line number="42" hits="2" branch="false"/>
						<line number="43" hits="2" branch="false"/>
						<line number="44" hits="2" branch="false"/>
						<line number="45" hits="2" branch="false"/>
						<line number="46" hits="0" branch="false"/>
						<line number="47" hits="0" branch="false"/>
					</lines>
				</class>
				<class name="fr.ybo.opendata.nantes.util.MyAdapteurDouble" filename="fr/ybo/opendata/nantes/util/MyAdapteurDouble.java" line-rate="0.6666666666666666" branch-rate="1.0" complexity="1.0">
					<methods>
						<method name="&lt;init&gt;" signature="()V" line-rate="1.0" branch-rate="1.0">
							<lines>
							</lines>
						</method>
						<method name="parse" signature="(Ljava/lang/String;)Ljava/lang/Double;" line-rate="1.0" branch-rate="1.0">
							<lines>
								<line number="12" hits="382" branch="false"/>
							</lines>
						</method>
						<method name="parse" signature="(Ljava/lang/String;)Ljava/lang/Object;" line-rate="1.0" branch-rate="1.0">
							<lines>
								<line number="8" hits="383" branch="false"/>
							</lines>
						</method>
						<method name="toString" signature="(Ljava/lang/Double;)Ljava/lang/String;" line-rate="0.0" branch-rate="1.0">
							<lines>
								<line number="17" hits="0" branch="false"/>
							</lines>
						</method>
						<method name="toString" signature="(Ljava/lang/Object;)Ljava/lang/String;" line-rate="1.0" branch-rate="1.0">
							<lines>
							</lines>
						</method>
					</methods>
					<lines>
						<line number="8" hits="383" branch="false"/>
						<line number="12" hits="382" branch="false"/>
						<line number="17" hits="0" branch="false"/>
					</lines>
				</class>
			</classes>
		</package>
	</packages>
</coverage>
